This is pdfTeX, Version 3.14159265-2.6-1.40.21 (MiKTeX 2.9.7300 64-bit) (preloaded format=pdflatex 2020.3.16)  15 APR 2020 10:01
entering extended mode
**./thesis.tex
(thesis.tex
LaTeX2e <2020-02-02> patch level 5
L3 programming layer <2020-03-06>
("C:\Users\stephen\AppData\Local\Programs\MiKTeX 2.9\tex/latex/base\article.cls
"
Document Class: article 2019/12/20 v1.4l Standard LaTeX document class
("C:\Users\stephen\AppData\Local\Programs\MiKTeX 2.9\tex/latex/base\size12.clo"
File: size12.clo 2019/12/20 v1.4l Standard LaTeX file (size option)
)
\c@part=\count167
\c@section=\count168
\c@subsection=\count169
\c@subsubsection=\count170
\c@paragraph=\count171
\c@subparagraph=\count172
\c@figure=\count173
\c@table=\count174
\abovecaptionskip=\skip47
\belowcaptionskip=\skip48
\bibindent=\dimen134
)
("C:\Users\stephen\AppData\Local\Programs\MiKTeX 2.9\tex/latex/base\inputenc.st
y"
Package: inputenc 2018/08/11 v1.3c Input encoding file
\inpenc@prehook=\toks15
\inpenc@posthook=\toks16
)
("C:\Users\stephen\AppData\Local\Programs\MiKTeX 2.9\tex/latex/geometry\geometr
y.sty"
Package: geometry 2020/01/02 v5.9 Page Geometry

("C:\Users\stephen\AppData\Local\Programs\MiKTeX 2.9\tex/latex/graphics\keyval.
sty"
Package: keyval 2014/10/28 v1.15 key=value parser (DPC)
\KV@toks@=\toks17
)
("C:\Users\stephen\AppData\Local\Programs\MiKTeX 2.9\tex/generic/iftex\ifvtex.s
ty"
Package: ifvtex 2019/10/25 v1.7 ifvtex legacy package. Use iftex instead.

("C:\Users\stephen\AppData\Local\Programs\MiKTeX 2.9\tex/generic/iftex\iftex.st
y"
Package: iftex 2020/03/06 v1.0d TeX engine tests
))
\Gm@cnth=\count175
\Gm@cntv=\count176
\c@Gm@tempcnt=\count177
\Gm@bindingoffset=\dimen135
\Gm@wd@mp=\dimen136
\Gm@odd@mp=\dimen137
\Gm@even@mp=\dimen138
\Gm@layoutwidth=\dimen139
\Gm@layoutheight=\dimen140
\Gm@layouthoffset=\dimen141
\Gm@layoutvoffset=\dimen142
\Gm@dimlist=\toks18

("C:\Users\stephen\AppData\Local\Programs\MiKTeX 2.9\tex/latex/geometry\geometr
y.cfg"))
("C:\Users\stephen\AppData\Local\Programs\MiKTeX 2.9\tex/latex/graphics\graphic
x.sty"
Package: graphicx 2019/11/30 v1.2a Enhanced LaTeX Graphics (DPC,SPQR)

("C:\Users\stephen\AppData\Local\Programs\MiKTeX 2.9\tex/latex/graphics\graphic
s.sty"
Package: graphics 2019/11/30 v1.4a Standard LaTeX Graphics (DPC,SPQR)

("C:\Users\stephen\AppData\Local\Programs\MiKTeX 2.9\tex/latex/graphics\trig.st
y"
Package: trig 2016/01/03 v1.10 sin cos tan (DPC)
)
("C:\Users\stephen\AppData\Local\Programs\MiKTeX 2.9\tex/latex/graphics-cfg\gra
phics.cfg"
File: graphics.cfg 2016/06/04 v1.11 sample graphics configuration
)
Package graphics Info: Driver file: pdftex.def on input line 105.

("C:\Users\stephen\AppData\Local\Programs\MiKTeX 2.9\tex/latex/graphics-def\pdf
tex.def"
File: pdftex.def 2018/01/08 v1.0l Graphics/color driver for pdftex
))
\Gin@req@height=\dimen143
\Gin@req@width=\dimen144
)
("C:\Users\stephen\AppData\Local\Programs\MiKTeX 2.9\tex/latex/booktabs\booktab
s.sty"
Package: booktabs 2020/01/12 v1.61803398 Publication quality tables
\heavyrulewidth=\dimen145
\lightrulewidth=\dimen146
\cmidrulewidth=\dimen147
\belowrulesep=\dimen148
\belowbottomsep=\dimen149
\aboverulesep=\dimen150
\abovetopsep=\dimen151
\cmidrulesep=\dimen152
\cmidrulekern=\dimen153
\defaultaddspace=\dimen154
\@cmidla=\count178
\@cmidlb=\count179
\@aboverulesep=\dimen155
\@belowrulesep=\dimen156
\@thisruleclass=\count180
\@lastruleclass=\count181
\@thisrulewidth=\dimen157
)
("C:\Users\stephen\AppData\Local\Programs\MiKTeX 2.9\tex/latex/tools\array.sty"
Package: array 2019/08/31 v2.4l Tabular extension package (FMi)
\col@sep=\dimen158
\ar@mcellbox=\box45
\extrarowheight=\dimen159
\NC@list=\toks19
\extratabsurround=\skip49
\backup@length=\skip50
\ar@cellbox=\box46
)
("C:\Users\stephen\AppData\Local\Programs\MiKTeX 2.9\tex/latex/paralist\paralis
t.sty"
Package: paralist 2017/01/22 v2.7 Extended list environments
\pltopsep=\skip51
\plpartopsep=\skip52
\plitemsep=\skip53
\plparsep=\skip54
\pl@lab=\toks20
)
("C:\Users\stephen\AppData\Local\Programs\MiKTeX 2.9\tex/latex/tools\verbatim.s
ty"
Package: verbatim 2019/11/10 v1.5r LaTeX2e package for verbatim enhancements
\every@verbatim=\toks21
\verbatim@line=\toks22
\verbatim@in@stream=\read2
)
("C:\Users\stephen\AppData\Local\Programs\MiKTeX 2.9\tex/latex/subfig\subfig.st
y"
Package: subfig 2005/06/28 ver: 1.3 subfig package

("C:\Users\stephen\AppData\Local\Programs\MiKTeX 2.9\tex/latex/caption\caption.
sty"
Package: caption 2020/01/03 v3.4h Customizing captions (AR)

("C:\Users\stephen\AppData\Local\Programs\MiKTeX 2.9\tex/latex/caption\caption3
.sty"
Package: caption3 2020/01/03 v1.8h caption3 kernel (AR)
Package caption3 Info: TeX engine: e-TeX on input line 61.
\captionmargin=\dimen160
\captionmargin@=\dimen161
\captionwidth=\dimen162
\caption@tempdima=\dimen163
\caption@indent=\dimen164
\caption@parindent=\dimen165
\caption@hangindent=\dimen166
Package caption Info: Standard document class detected.
)
\c@caption@flags=\count182
\c@continuedfloat=\count183
)
\c@KVtest=\count184
\sf@farskip=\skip55
\sf@captopadj=\dimen167
\sf@capskip=\skip56
\sf@nearskip=\skip57
\c@subfigure=\count185
\c@subfigure@save=\count186
\c@lofdepth=\count187
\c@subtable=\count188
\c@subtable@save=\count189
\c@lotdepth=\count190
\sf@top=\skip58
\sf@bottom=\skip59
)
("C:\Users\stephen\AppData\Local\Programs\MiKTeX 2.9\tex/latex/fancyhdr\fancyhd
r.sty"
Package: fancyhdr 2019/01/31 v3.10 Extensive control of page headers and footer
s
\f@nch@headwidth=\skip60
\f@nch@O@elh=\skip61
\f@nch@O@erh=\skip62
\f@nch@O@olh=\skip63
\f@nch@O@orh=\skip64
\f@nch@O@elf=\skip65
\f@nch@O@erf=\skip66
\f@nch@O@olf=\skip67
\f@nch@O@orf=\skip68
)
("C:\Users\stephen\AppData\Local\Programs\MiKTeX 2.9\tex/latex/sectsty\sectsty.
sty"
Package: sectsty 2002/02/25 v2.0.2 Commands to change all sectional heading sty
les


LaTeX Warning: Command \underbar  has changed.
               Check if current package is valid.


LaTeX Warning: Command \underline  has changed.
               Check if current package is valid.

)
("C:\Users\stephen\AppData\Local\Programs\MiKTeX 2.9\tex/latex/tocbibind\tocbib
ind.sty"
Package: tocbibind 2010/10/13 v1.5k extra ToC listings
Package tocbibind Info: The document has section divisions on input line 50.


Package tocbibind Note: Using section or other style headings.

)
("C:\Users\stephen\AppData\Local\Programs\MiKTeX 2.9\tex/latex/tocloft\tocloft.
sty"
Package: tocloft 2017/08/31 v2.3i parameterised ToC, etc., typesetting
Package tocloft Info: The document has section divisions on input line 51.
\cftparskip=\skip69
\cftbeforetoctitleskip=\skip70
\cftaftertoctitleskip=\skip71
\cftbeforepartskip=\skip72
\cftpartnumwidth=\skip73
\cftpartindent=\skip74
\cftbeforesecskip=\skip75
\cftsecindent=\skip76
\cftsecnumwidth=\skip77
\cftbeforesubsecskip=\skip78
\cftsubsecindent=\skip79
\cftsubsecnumwidth=\skip80
\cftbeforesubsubsecskip=\skip81
\cftsubsubsecindent=\skip82
\cftsubsubsecnumwidth=\skip83
\cftbeforeparaskip=\skip84
\cftparaindent=\skip85
\cftparanumwidth=\skip86
\cftbeforesubparaskip=\skip87
\cftsubparaindent=\skip88
\cftsubparanumwidth=\skip89
\cftbeforeloftitleskip=\skip90
\cftafterloftitleskip=\skip91
\cftbeforefigskip=\skip92
\cftfigindent=\skip93
\cftfignumwidth=\skip94
\cftbeforelottitleskip=\skip95
\cftafterlottitleskip=\skip96
\cftbeforetabskip=\skip97
\cfttabindent=\skip98
\cfttabnumwidth=\skip99
\cftbeforesubfigskip=\skip100
\cftsubfigindent=\skip101
\cftsubfignumwidth=\skip102
\cftbeforesubtabskip=\skip103
\cftsubtabindent=\skip104
\cftsubtabnumwidth=\skip105
)
("C:\Users\stephen\AppData\Local\Programs\MiKTeX 2.9\tex/generic/babel\babel.st
y"
Package: babel 2020/02/28 3.41 The Babel package

("C:\Users\stephen\AppData\Local\Programs\MiKTeX 2.9\tex/generic/babel\switch.d
ef"
File: switch.def 2020/02/28 3.41 Babel switching mechanism
)
*************************************
* Local config file bblopts.cfg used
*

("C:\Users\stephen\AppData\Local\Programs\MiKTeX 2.9\tex/latex/arabi\bblopts.cf
g"
File: bblopts.cfg 2005/09/08 v0.1 add Arabic and Farsi to "declared" options of
 babel
)
("C:\Users\stephen\AppData\Local\Programs\MiKTeX 2.9\tex/latex/babel-english\en
glish.ldf"
Language: english 2017/06/06 v3.3r English support from the babel system

("C:\Users\stephen\AppData\Local\Programs\MiKTeX 2.9\tex/generic/babel\babel.de
f"
File: babel.def 2020/02/28 3.41 Babel common definitions
\babel@savecnt=\count191
\U@D=\dimen168

("C:\Users\stephen\AppData\Local\Programs\MiKTeX 2.9\tex/generic/babel\txtbabel
.def")
\bbl@readstream=\read3
\bbl@dirlevel=\count192
)
Package babel Info: \l@canadian = using hyphenrules for english
(babel)             (\language0) on input line 102.
Package babel Info: \l@australian = using hyphenrules for ukenglish
(babel)             (\language72) on input line 105.
Package babel Info: \l@newzealand = using hyphenrules for ukenglish
(babel)             (\language72) on input line 108.
))
("C:\Users\stephen\AppData\Local\Programs\MiKTeX 2.9\tex/latex/natbib\natbib.st
y"
Package: natbib 2010/09/13 8.31b (PWD, AO)
\bibhang=\skip106
\bibsep=\skip107
LaTeX Info: Redefining \cite on input line 694.
\c@NAT@ctr=\count193
)
("C:\Users\stephen\AppData\Local\Programs\MiKTeX 2.9\tex/latex/hyperref\hyperre
f.sty"
Package: hyperref 2020/01/14 v7.00d Hypertext links for LaTeX

("C:\Users\stephen\AppData\Local\Programs\MiKTeX 2.9\tex/generic/ltxcmds\ltxcmd
s.sty"
Package: ltxcmds 2019/12/15 v1.24 LaTeX kernel commands for general use (HO)
)
("C:\Users\stephen\AppData\Local\Programs\MiKTeX 2.9\tex/latex/pdftexcmds\pdfte
xcmds.sty"
Package: pdftexcmds 2019/11/24 v0.31 Utility functions of pdfTeX for LuaTeX (HO
)

("C:\Users\stephen\AppData\Local\Programs\MiKTeX 2.9\tex/generic/infwarerr\infw
arerr.sty"
Package: infwarerr 2019/12/03 v1.5 Providing info/warning/error messages (HO)
)
Package pdftexcmds Info: \pdf@primitive is available.
Package pdftexcmds Info: \pdf@ifprimitive is available.
Package pdftexcmds Info: \pdfdraftmode found.
)
("C:\Users\stephen\AppData\Local\Programs\MiKTeX 2.9\tex/generic/kvsetkeys\kvse
tkeys.sty"
Package: kvsetkeys 2019/12/15 v1.18 Key value parser (HO)
)
("C:\Users\stephen\AppData\Local\Programs\MiKTeX 2.9\tex/generic/kvdefinekeys\k
vdefinekeys.sty"
Package: kvdefinekeys 2019-12-19 v1.6 Define keys (HO)
)
("C:\Users\stephen\AppData\Local\Programs\MiKTeX 2.9\tex/generic/pdfescape\pdfe
scape.sty"
Package: pdfescape 2019/12/09 v1.15 Implements pdfTeX's escape features (HO)
)
("C:\Users\stephen\AppData\Local\Programs\MiKTeX 2.9\tex/latex/hycolor\hycolor.
sty"
Package: hycolor 2020-01-27 v1.10 Color options for hyperref/bookmark (HO)
)
("C:\Users\stephen\AppData\Local\Programs\MiKTeX 2.9\tex/latex/letltxmacro\letl
txmacro.sty"
Package: letltxmacro 2019/12/03 v1.6 Let assignment for LaTeX macros (HO)
)
("C:\Users\stephen\AppData\Local\Programs\MiKTeX 2.9\tex/latex/auxhook\auxhook.
sty"
Package: auxhook 2019-12-17 v1.6 Hooks for auxiliary files (HO)
)
("C:\Users\stephen\AppData\Local\Programs\MiKTeX 2.9\tex/latex/kvoptions\kvopti
ons.sty"
Package: kvoptions 2019/11/29 v3.13 Key value format for package options (HO)
)
\@linkdim=\dimen169
\Hy@linkcounter=\count194
\Hy@pagecounter=\count195

("C:\Users\stephen\AppData\Local\Programs\MiKTeX 2.9\tex/latex/hyperref\pd1enc.
def"
File: pd1enc.def 2020/01/14 v7.00d Hyperref: PDFDocEncoding definition (HO)
Now handling font encoding PD1 ...
... no UTF-8 mapping file for font encoding PD1
)
("C:\Users\stephen\AppData\Local\Programs\MiKTeX 2.9\tex/generic/intcalc\intcal
c.sty"
Package: intcalc 2019/12/15 v1.3 Expandable calculations with integers (HO)
)
("C:\Users\stephen\AppData\Local\Programs\MiKTeX 2.9\tex/generic/etexcmds\etexc
mds.sty"
Package: etexcmds 2019/12/15 v1.7 Avoid name clashes with e-TeX commands (HO)
)
\Hy@SavedSpaceFactor=\count196
Package hyperref Info: Hyper figures OFF on input line 4547.
Package hyperref Info: Link nesting OFF on input line 4552.
Package hyperref Info: Hyper index ON on input line 4555.
Package hyperref Info: Plain pages OFF on input line 4562.
Package hyperref Info: Backreferencing OFF on input line 4567.
Package hyperref Info: Implicit mode ON; LaTeX internals redefined.
Package hyperref Info: Bookmarks ON on input line 4800.
\c@Hy@tempcnt=\count197

("C:\Users\stephen\AppData\Local\Programs\MiKTeX 2.9\tex/latex/url\url.sty"
\Urlmuskip=\muskip16
Package: url 2013/09/16  ver 3.4  Verb mode for urls, etc.
)
LaTeX Info: Redefining \url on input line 5159.
\XeTeXLinkMargin=\dimen170

("C:\Users\stephen\AppData\Local\Programs\MiKTeX 2.9\tex/generic/bitset\bitset.
sty"
Package: bitset 2019/12/09 v1.3 Handle bit-vector datatype (HO)

("C:\Users\stephen\AppData\Local\Programs\MiKTeX 2.9\tex/generic/bigintcalc\big
intcalc.sty"
Package: bigintcalc 2019/12/15 v1.5 Expandable calculations on big integers (HO
)
))
\Fld@menulength=\count198
\Field@Width=\dimen171
\Fld@charsize=\dimen172
Package hyperref Info: Hyper figures OFF on input line 6430.
Package hyperref Info: Link nesting OFF on input line 6435.
Package hyperref Info: Hyper index ON on input line 6438.
Package hyperref Info: backreferencing OFF on input line 6445.
Package hyperref Info: Link coloring OFF on input line 6450.
Package hyperref Info: Link coloring with OCG OFF on input line 6455.
Package hyperref Info: PDF/A mode OFF on input line 6460.
LaTeX Info: Redefining \ref on input line 6500.
LaTeX Info: Redefining \pageref on input line 6504.

("C:\Users\stephen\AppData\Local\Programs\MiKTeX 2.9\tex/generic/atbegshi\atbeg
shi.sty"
Package: atbegshi 2019/12/05 v1.19 At begin shipout hook (HO)
)
\Hy@abspage=\count199
\c@Item=\count266
\c@Hfootnote=\count267
)
Package hyperref Info: Driver (autodetected): hpdftex.

("C:\Users\stephen\AppData\Local\Programs\MiKTeX 2.9\tex/latex/hyperref\hpdftex
.def"
File: hpdftex.def 2020/01/14 v7.00d Hyperref driver for pdfTeX

("C:\Users\stephen\AppData\Local\Programs\MiKTeX 2.9\tex/latex/atveryend\atvery
end.sty"
Package: atveryend 2019-12-11 v1.11 Hooks at the very end of document (HO)
Package atveryend Info: \enddocument detected (standard20110627).
)
\Fld@listcount=\count268
\c@bookmark@seq@number=\count269

("C:\Users\stephen\AppData\Local\Programs\MiKTeX 2.9\tex/latex/rerunfilecheck\r
erunfilecheck.sty"
Package: rerunfilecheck 2019/12/05 v1.9 Rerun checks for auxiliary files (HO)

("C:\Users\stephen\AppData\Local\Programs\MiKTeX 2.9\tex/generic/uniquecounter\
uniquecounter.sty"
Package: uniquecounter 2019/12/15 v1.4 Provide unlimited unique counter (HO)
)
Package uniquecounter Info: New unique counter `rerunfilecheck' on input line 2
86.
)
\Hy@SectionHShift=\skip108
)
Package hyperref Info: Option `colorlinks' set `true' on input line 69.

("C:\Users\stephen\AppData\Local\Programs\MiKTeX 2.9\tex/latex/hyperref\nameref
.sty"
Package: nameref 2019/09/16 v2.46 Cross-referencing by name of section

("C:\Users\stephen\AppData\Local\Programs\MiKTeX 2.9\tex/latex/refcount\refcoun
t.sty"
Package: refcount 2019/12/15 v3.6 Data extraction from label references (HO)
)
("C:\Users\stephen\AppData\Local\Programs\MiKTeX 2.9\tex/generic/gettitlestring
\gettitlestring.sty"
Package: gettitlestring 2019/12/15 v1.6 Cleanup title references (HO)
)
\c@section@level=\count270
)
("C:\Users\stephen\AppData\Local\Programs\MiKTeX 2.9\tex/latex/enumitem\enumite
m.sty"
Package: enumitem 2019/06/20 v3.9 Customized lists
\labelindent=\skip109
\enit@outerparindent=\dimen173
\enit@toks=\toks23
\enit@inbox=\box47
\enit@count@id=\count271
\enitdp@description=\count272
)
("C:\Users\stephen\AppData\Local\Programs\MiKTeX 2.9\tex/latex/mdframed\mdframe
d.sty"
Package: mdframed 2013/07/01 1.9b: mdframed

("C:\Users\stephen\AppData\Local\Programs\MiKTeX 2.9\tex/latex/l3packages/xpars
e\xparse.sty"
("C:\Users\stephen\AppData\Local\Programs\MiKTeX 2.9\tex/latex/l3kernel\expl3.s
ty"
Package: expl3 2020-03-06 L3 programming layer (loader) 

("C:\Users\stephen\AppData\Local\Programs\MiKTeX 2.9\tex/latex/l3backend\l3back
end-pdfmode.def"
File: l3backend-pdfmode.def 2020-03-12 L3 backend support: PDF mode
\l__kernel_color_stack_int=\count273
\l__pdf_internal_box=\box48
))
Package: xparse 2020-03-06 L3 Experimental document command parser
\l__xparse_current_arg_int=\count274
\g__xparse_grabber_int=\count275
\l__xparse_m_args_int=\count276
\l__xparse_v_nesting_int=\count277
)
("C:\Users\stephen\AppData\Local\Programs\MiKTeX 2.9\tex/latex/etoolbox\etoolbo
x.sty"
Package: etoolbox 2019/09/21 v2.5h e-TeX tools for LaTeX (JAW)
\etb@tempcnta=\count278
)
("C:\Users\stephen\AppData\Local\Programs\MiKTeX 2.9\tex/latex/zref\zref-abspag
e.sty"
Package: zref-abspage 2020-03-03 v2.29 Module abspage for zref (HO)

("C:\Users\stephen\AppData\Local\Programs\MiKTeX 2.9\tex/latex/zref\zref-base.s
ty"
Package: zref-base 2020-03-03 v2.29 Module base for zref (HO)
Package zref Info: New property list: main on input line 763.
Package zref Info: New property: default on input line 764.
Package zref Info: New property: page on input line 765.
)
\c@abspage=\count279
Package zref Info: New property: abspage on input line 66.
)
("C:\Users\stephen\AppData\Local\Programs\MiKTeX 2.9\tex/latex/needspace\needsp
ace.sty"
Package: needspace 2010/09/12 v1.3d reserve vertical space
)
("C:\Users\stephen\AppData\Local\Programs\MiKTeX 2.9\tex/latex/graphics\color.s
ty"
Package: color 2019/11/23 v1.2a Standard LaTeX Color (DPC)

("C:\Users\stephen\AppData\Local\Programs\MiKTeX 2.9\tex/latex/graphics-cfg\col
or.cfg"
File: color.cfg 2016/01/02 v1.6 sample color configuration
)
Package color Info: Driver file: pdftex.def on input line 147.
)
\mdf@templength=\skip110
\c@mdf@globalstyle@cnt=\count280
\mdf@skipabove@length=\skip111
\mdf@skipbelow@length=\skip112
\mdf@leftmargin@length=\skip113
\mdf@rightmargin@length=\skip114
\mdf@innerleftmargin@length=\skip115
\mdf@innerrightmargin@length=\skip116
\mdf@innertopmargin@length=\skip117
\mdf@innerbottommargin@length=\skip118
\mdf@splittopskip@length=\skip119
\mdf@splitbottomskip@length=\skip120
\mdf@outermargin@length=\skip121
\mdf@innermargin@length=\skip122
\mdf@linewidth@length=\skip123
\mdf@innerlinewidth@length=\skip124
\mdf@middlelinewidth@length=\skip125
\mdf@outerlinewidth@length=\skip126
\mdf@roundcorner@length=\skip127
\mdf@footenotedistance@length=\skip128
\mdf@userdefinedwidth@length=\skip129
\mdf@needspace@length=\skip130
\mdf@frametitleaboveskip@length=\skip131
\mdf@frametitlebelowskip@length=\skip132
\mdf@frametitlerulewidth@length=\skip133
\mdf@frametitleleftmargin@length=\skip134
\mdf@frametitlerightmargin@length=\skip135
\mdf@shadowsize@length=\skip136
\mdf@extratopheight@length=\skip137
\mdf@subtitleabovelinewidth@length=\skip138
\mdf@subtitlebelowlinewidth@length=\skip139
\mdf@subtitleaboveskip@length=\skip140
\mdf@subtitlebelowskip@length=\skip141
\mdf@subtitleinneraboveskip@length=\skip142
\mdf@subtitleinnerbelowskip@length=\skip143
\mdf@subsubtitleabovelinewidth@length=\skip144
\mdf@subsubtitlebelowlinewidth@length=\skip145
\mdf@subsubtitleaboveskip@length=\skip146
\mdf@subsubtitlebelowskip@length=\skip147
\mdf@subsubtitleinneraboveskip@length=\skip148
\mdf@subsubtitleinnerbelowskip@length=\skip149

("C:\Users\stephen\AppData\Local\Programs\MiKTeX 2.9\tex/latex/pgf/frontendlaye
r\tikz.sty"
("C:\Users\stephen\AppData\Local\Programs\MiKTeX 2.9\tex/latex/pgf/basiclayer\p
gf.sty"
("C:\Users\stephen\AppData\Local\Programs\MiKTeX 2.9\tex/latex/pgf/utilities\pg
frcs.sty"
("C:\Users\stephen\AppData\Local\Programs\MiKTeX 2.9\tex/generic/pgf/utilities\
pgfutil-common.tex"
\pgfutil@everybye=\toks24
\pgfutil@tempdima=\dimen174
\pgfutil@tempdimb=\dimen175

("C:\Users\stephen\AppData\Local\Programs\MiKTeX 2.9\tex/generic/pgf/utilities\
pgfutil-common-lists.tex"))
("C:\Users\stephen\AppData\Local\Programs\MiKTeX 2.9\tex/generic/pgf/utilities\
pgfutil-latex.def"
\pgfutil@abb=\box49

("C:\Users\stephen\AppData\Local\Programs\MiKTeX 2.9\tex/latex/ms\everyshi.sty"
Package: everyshi 2001/05/15 v3.00 EveryShipout Package (MS)
))
("C:\Users\stephen\AppData\Local\Programs\MiKTeX 2.9\tex/generic/pgf/utilities\
pgfrcs.code.tex"
("C:\Users\stephen\AppData\Local\Programs\MiKTeX 2.9\tex/generic/pgf\pgf.revisi
on.tex")
Package: pgfrcs 2020/01/08 v3.1.5b (3.1.5b)
))
Package: pgf 2020/01/08 v3.1.5b (3.1.5b)

("C:\Users\stephen\AppData\Local\Programs\MiKTeX 2.9\tex/latex/pgf/basiclayer\p
gfcore.sty"
("C:\Users\stephen\AppData\Local\Programs\MiKTeX 2.9\tex/latex/pgf/systemlayer\
pgfsys.sty"
("C:\Users\stephen\AppData\Local\Programs\MiKTeX 2.9\tex/generic/pgf/systemlaye
r\pgfsys.code.tex"
Package: pgfsys 2020/01/08 v3.1.5b (3.1.5b)

("C:\Users\stephen\AppData\Local\Programs\MiKTeX 2.9\tex/generic/pgf/utilities\
pgfkeys.code.tex"
\pgfkeys@pathtoks=\toks25
\pgfkeys@temptoks=\toks26

("C:\Users\stephen\AppData\Local\Programs\MiKTeX 2.9\tex/generic/pgf/utilities\
pgfkeysfiltered.code.tex"
\pgfkeys@tmptoks=\toks27
))
\pgf@x=\dimen176
\pgf@y=\dimen177
\pgf@xa=\dimen178
\pgf@ya=\dimen179
\pgf@xb=\dimen180
\pgf@yb=\dimen181
\pgf@xc=\dimen182
\pgf@yc=\dimen183
\pgf@xd=\dimen184
\pgf@yd=\dimen185
\w@pgf@writea=\write3
\r@pgf@reada=\read4
\c@pgf@counta=\count281
\c@pgf@countb=\count282
\c@pgf@countc=\count283
\c@pgf@countd=\count284
\t@pgf@toka=\toks28
\t@pgf@tokb=\toks29
\t@pgf@tokc=\toks30
\pgf@sys@id@count=\count285

("C:\Users\stephen\AppData\Local\Programs\MiKTeX 2.9\tex/generic/pgf/systemlaye
r\pgf.cfg"
File: pgf.cfg 2020/01/08 v3.1.5b (3.1.5b)
)
Driver file for pgf: pgfsys-pdftex.def

("C:\Users\stephen\AppData\Local\Programs\MiKTeX 2.9\tex/generic/pgf/systemlaye
r\pgfsys-pdftex.def"
File: pgfsys-pdftex.def 2020/01/08 v3.1.5b (3.1.5b)

("C:\Users\stephen\AppData\Local\Programs\MiKTeX 2.9\tex/generic/pgf/systemlaye
r\pgfsys-common-pdf.def"
File: pgfsys-common-pdf.def 2020/01/08 v3.1.5b (3.1.5b)
)))
("C:\Users\stephen\AppData\Local\Programs\MiKTeX 2.9\tex/generic/pgf/systemlaye
r\pgfsyssoftpath.code.tex"
File: pgfsyssoftpath.code.tex 2020/01/08 v3.1.5b (3.1.5b)
\pgfsyssoftpath@smallbuffer@items=\count286
\pgfsyssoftpath@bigbuffer@items=\count287
)
("C:\Users\stephen\AppData\Local\Programs\MiKTeX 2.9\tex/generic/pgf/systemlaye
r\pgfsysprotocol.code.tex"
File: pgfsysprotocol.code.tex 2020/01/08 v3.1.5b (3.1.5b)
))
("C:\Users\stephen\AppData\Local\Programs\MiKTeX 2.9\tex/latex/xcolor\xcolor.st
y"
Package: xcolor 2016/05/11 v2.12 LaTeX color extensions (UK)

("C:\Users\stephen\AppData\Local\Programs\MiKTeX 2.9\tex/latex/graphics-cfg\col
or.cfg"
File: color.cfg 2016/01/02 v1.6 sample color configuration
)
Package xcolor Info: Driver file: pdftex.def on input line 225.
LaTeX Info: Redefining \color on input line 709.
Package xcolor Info: Model `cmy' substituted by `cmy0' on input line 1348.
Package xcolor Info: Model `hsb' substituted by `rgb' on input line 1352.
Package xcolor Info: Model `RGB' extended on input line 1364.
Package xcolor Info: Model `HTML' substituted by `rgb' on input line 1366.
Package xcolor Info: Model `Hsb' substituted by `hsb' on input line 1367.
Package xcolor Info: Model `tHsb' substituted by `hsb' on input line 1368.
Package xcolor Info: Model `HSB' substituted by `hsb' on input line 1369.
Package xcolor Info: Model `Gray' substituted by `gray' on input line 1370.
Package xcolor Info: Model `wave' substituted by `hsb' on input line 1371.
)
("C:\Users\stephen\AppData\Local\Programs\MiKTeX 2.9\tex/generic/pgf/basiclayer
\pgfcore.code.tex"
Package: pgfcore 2020/01/08 v3.1.5b (3.1.5b)

("C:\Users\stephen\AppData\Local\Programs\MiKTeX 2.9\tex/generic/pgf/math\pgfma
th.code.tex"
("C:\Users\stephen\AppData\Local\Programs\MiKTeX 2.9\tex/generic/pgf/math\pgfma
thcalc.code.tex"
("C:\Users\stephen\AppData\Local\Programs\MiKTeX 2.9\tex/generic/pgf/math\pgfma
thutil.code.tex")
("C:\Users\stephen\AppData\Local\Programs\MiKTeX 2.9\tex/generic/pgf/math\pgfma
thparser.code.tex"
\pgfmath@dimen=\dimen186
\pgfmath@count=\count288
\pgfmath@box=\box50
\pgfmath@toks=\toks31
\pgfmath@stack@operand=\toks32
\pgfmath@stack@operation=\toks33
)
("C:\Users\stephen\AppData\Local\Programs\MiKTeX 2.9\tex/generic/pgf/math\pgfma
thfunctions.code.tex"
("C:\Users\stephen\AppData\Local\Programs\MiKTeX 2.9\tex/generic/pgf/math\pgfma
thfunctions.basic.code.tex")
("C:\Users\stephen\AppData\Local\Programs\MiKTeX 2.9\tex/generic/pgf/math\pgfma
thfunctions.trigonometric.code.tex")
("C:\Users\stephen\AppData\Local\Programs\MiKTeX 2.9\tex/generic/pgf/math\pgfma
thfunctions.random.code.tex")
("C:\Users\stephen\AppData\Local\Programs\MiKTeX 2.9\tex/generic/pgf/math\pgfma
thfunctions.comparison.code.tex")
("C:\Users\stephen\AppData\Local\Programs\MiKTeX 2.9\tex/generic/pgf/math\pgfma
thfunctions.base.code.tex")
("C:\Users\stephen\AppData\Local\Programs\MiKTeX 2.9\tex/generic/pgf/math\pgfma
thfunctions.round.code.tex")
("C:\Users\stephen\AppData\Local\Programs\MiKTeX 2.9\tex/generic/pgf/math\pgfma
thfunctions.misc.code.tex")
("C:\Users\stephen\AppData\Local\Programs\MiKTeX 2.9\tex/generic/pgf/math\pgfma
thfunctions.integerarithmetics.code.tex")))
("C:\Users\stephen\AppData\Local\Programs\MiKTeX 2.9\tex/generic/pgf/math\pgfma
thfloat.code.tex"
\c@pgfmathroundto@lastzeros=\count289
))
("C:\Users\stephen\AppData\Local\Programs\MiKTeX 2.9\tex/generic/pgf/math\pgfin
t.code.tex")
("C:\Users\stephen\AppData\Local\Programs\MiKTeX 2.9\tex/generic/pgf/basiclayer
\pgfcorepoints.code.tex"
File: pgfcorepoints.code.tex 2020/01/08 v3.1.5b (3.1.5b)
\pgf@picminx=\dimen187
\pgf@picmaxx=\dimen188
\pgf@picminy=\dimen189
\pgf@picmaxy=\dimen190
\pgf@pathminx=\dimen191
\pgf@pathmaxx=\dimen192
\pgf@pathminy=\dimen193
\pgf@pathmaxy=\dimen194
\pgf@xx=\dimen195
\pgf@xy=\dimen196
\pgf@yx=\dimen197
\pgf@yy=\dimen198
\pgf@zx=\dimen199
\pgf@zy=\dimen256
)
("C:\Users\stephen\AppData\Local\Programs\MiKTeX 2.9\tex/generic/pgf/basiclayer
\pgfcorepathconstruct.code.tex"
File: pgfcorepathconstruct.code.tex 2020/01/08 v3.1.5b (3.1.5b)
\pgf@path@lastx=\dimen257
\pgf@path@lasty=\dimen258
)
("C:\Users\stephen\AppData\Local\Programs\MiKTeX 2.9\tex/generic/pgf/basiclayer
\pgfcorepathusage.code.tex"
File: pgfcorepathusage.code.tex 2020/01/08 v3.1.5b (3.1.5b)
\pgf@shorten@end@additional=\dimen259
\pgf@shorten@start@additional=\dimen260
)
("C:\Users\stephen\AppData\Local\Programs\MiKTeX 2.9\tex/generic/pgf/basiclayer
\pgfcorescopes.code.tex"
File: pgfcorescopes.code.tex 2020/01/08 v3.1.5b (3.1.5b)
\pgfpic=\box51
\pgf@hbox=\box52
\pgf@layerbox@main=\box53
\pgf@picture@serial@count=\count290
)
("C:\Users\stephen\AppData\Local\Programs\MiKTeX 2.9\tex/generic/pgf/basiclayer
\pgfcoregraphicstate.code.tex"
File: pgfcoregraphicstate.code.tex 2020/01/08 v3.1.5b (3.1.5b)
\pgflinewidth=\dimen261
)
("C:\Users\stephen\AppData\Local\Programs\MiKTeX 2.9\tex/generic/pgf/basiclayer
\pgfcoretransformations.code.tex"
File: pgfcoretransformations.code.tex 2020/01/08 v3.1.5b (3.1.5b)
\pgf@pt@x=\dimen262
\pgf@pt@y=\dimen263
\pgf@pt@temp=\dimen264
)
("C:\Users\stephen\AppData\Local\Programs\MiKTeX 2.9\tex/generic/pgf/basiclayer
\pgfcorequick.code.tex"
File: pgfcorequick.code.tex 2020/01/08 v3.1.5b (3.1.5b)
)
("C:\Users\stephen\AppData\Local\Programs\MiKTeX 2.9\tex/generic/pgf/basiclayer
\pgfcoreobjects.code.tex"
File: pgfcoreobjects.code.tex 2020/01/08 v3.1.5b (3.1.5b)
)
("C:\Users\stephen\AppData\Local\Programs\MiKTeX 2.9\tex/generic/pgf/basiclayer
\pgfcorepathprocessing.code.tex"
File: pgfcorepathprocessing.code.tex 2020/01/08 v3.1.5b (3.1.5b)
)
("C:\Users\stephen\AppData\Local\Programs\MiKTeX 2.9\tex/generic/pgf/basiclayer
\pgfcorearrows.code.tex"
File: pgfcorearrows.code.tex 2020/01/08 v3.1.5b (3.1.5b)
\pgfarrowsep=\dimen265
)
("C:\Users\stephen\AppData\Local\Programs\MiKTeX 2.9\tex/generic/pgf/basiclayer
\pgfcoreshade.code.tex"
File: pgfcoreshade.code.tex 2020/01/08 v3.1.5b (3.1.5b)
\pgf@max=\dimen266
\pgf@sys@shading@range@num=\count291
\pgf@shadingcount=\count292
)
("C:\Users\stephen\AppData\Local\Programs\MiKTeX 2.9\tex/generic/pgf/basiclayer
\pgfcoreimage.code.tex"
File: pgfcoreimage.code.tex 2020/01/08 v3.1.5b (3.1.5b)

("C:\Users\stephen\AppData\Local\Programs\MiKTeX 2.9\tex/generic/pgf/basiclayer
\pgfcoreexternal.code.tex"
File: pgfcoreexternal.code.tex 2020/01/08 v3.1.5b (3.1.5b)
\pgfexternal@startupbox=\box54
))
("C:\Users\stephen\AppData\Local\Programs\MiKTeX 2.9\tex/generic/pgf/basiclayer
\pgfcorelayers.code.tex"
File: pgfcorelayers.code.tex 2020/01/08 v3.1.5b (3.1.5b)
)
("C:\Users\stephen\AppData\Local\Programs\MiKTeX 2.9\tex/generic/pgf/basiclayer
\pgfcoretransparency.code.tex"
File: pgfcoretransparency.code.tex 2020/01/08 v3.1.5b (3.1.5b)
)
("C:\Users\stephen\AppData\Local\Programs\MiKTeX 2.9\tex/generic/pgf/basiclayer
\pgfcorepatterns.code.tex"
File: pgfcorepatterns.code.tex 2020/01/08 v3.1.5b (3.1.5b)
)
("C:\Users\stephen\AppData\Local\Programs\MiKTeX 2.9\tex/generic/pgf/basiclayer
\pgfcorerdf.code.tex"
File: pgfcorerdf.code.tex 2020/01/08 v3.1.5b (3.1.5b)
)))
("C:\Users\stephen\AppData\Local\Programs\MiKTeX 2.9\tex/generic/pgf/modules\pg
fmoduleshapes.code.tex"
File: pgfmoduleshapes.code.tex 2020/01/08 v3.1.5b (3.1.5b)
\pgfnodeparttextbox=\box55
)
("C:\Users\stephen\AppData\Local\Programs\MiKTeX 2.9\tex/generic/pgf/modules\pg
fmoduleplot.code.tex"
File: pgfmoduleplot.code.tex 2020/01/08 v3.1.5b (3.1.5b)
)
("C:\Users\stephen\AppData\Local\Programs\MiKTeX 2.9\tex/latex/pgf/compatibilit
y\pgfcomp-version-0-65.sty"
Package: pgfcomp-version-0-65 2020/01/08 v3.1.5b (3.1.5b)
\pgf@nodesepstart=\dimen267
\pgf@nodesepend=\dimen268
)
("C:\Users\stephen\AppData\Local\Programs\MiKTeX 2.9\tex/latex/pgf/compatibilit
y\pgfcomp-version-1-18.sty"
Package: pgfcomp-version-1-18 2020/01/08 v3.1.5b (3.1.5b)
))
("C:\Users\stephen\AppData\Local\Programs\MiKTeX 2.9\tex/latex/pgf/utilities\pg
ffor.sty"
("C:\Users\stephen\AppData\Local\Programs\MiKTeX 2.9\tex/latex/pgf/utilities\pg
fkeys.sty"
("C:\Users\stephen\AppData\Local\Programs\MiKTeX 2.9\tex/generic/pgf/utilities\
pgfkeys.code.tex"))
("C:\Users\stephen\AppData\Local\Programs\MiKTeX 2.9\tex/latex/pgf/math\pgfmath
.sty"
("C:\Users\stephen\AppData\Local\Programs\MiKTeX 2.9\tex/generic/pgf/math\pgfma
th.code.tex"))
("C:\Users\stephen\AppData\Local\Programs\MiKTeX 2.9\tex/generic/pgf/utilities\
pgffor.code.tex"
Package: pgffor 2020/01/08 v3.1.5b (3.1.5b)

("C:\Users\stephen\AppData\Local\Programs\MiKTeX 2.9\tex/generic/pgf/math\pgfma
th.code.tex")
\pgffor@iter=\dimen269
\pgffor@skip=\dimen270
\pgffor@stack=\toks34
\pgffor@toks=\toks35
))
("C:\Users\stephen\AppData\Local\Programs\MiKTeX 2.9\tex/generic/pgf/frontendla
yer/tikz\tikz.code.tex"
Package: tikz 2020/01/08 v3.1.5b (3.1.5b)

("C:\Users\stephen\AppData\Local\Programs\MiKTeX 2.9\tex/generic/pgf/libraries\
pgflibraryplothandlers.code.tex"
File: pgflibraryplothandlers.code.tex 2020/01/08 v3.1.5b (3.1.5b)
\pgf@plot@mark@count=\count293
\pgfplotmarksize=\dimen271
)
\tikz@lastx=\dimen272
\tikz@lasty=\dimen273
\tikz@lastxsaved=\dimen274
\tikz@lastysaved=\dimen275
\tikz@lastmovetox=\dimen276
\tikz@lastmovetoy=\dimen277
\tikzleveldistance=\dimen278
\tikzsiblingdistance=\dimen279
\tikz@figbox=\box56
\tikz@figbox@bg=\box57
\tikz@tempbox=\box58
\tikz@tempbox@bg=\box59
\tikztreelevel=\count294
\tikznumberofchildren=\count295
\tikznumberofcurrentchild=\count296
\tikz@fig@count=\count297

("C:\Users\stephen\AppData\Local\Programs\MiKTeX 2.9\tex/generic/pgf/modules\pg
fmodulematrix.code.tex"
File: pgfmodulematrix.code.tex 2020/01/08 v3.1.5b (3.1.5b)
\pgfmatrixcurrentrow=\count298
\pgfmatrixcurrentcolumn=\count299
\pgf@matrix@numberofcolumns=\count300
)
\tikz@expandcount=\count301

("C:\Users\stephen\AppData\Local\Programs\MiKTeX 2.9\tex/generic/pgf/frontendla
yer/tikz/libraries\tikzlibrarytopaths.code.tex"
File: tikzlibrarytopaths.code.tex 2020/01/08 v3.1.5b (3.1.5b)
)))
("C:\Users\stephen\AppData\Local\Programs\MiKTeX 2.9\tex/latex/mdframed\md-fram
e-1.mdf"
File: md-frame-1.mdf 2013/07/01\ 1.9b: md-frame-1
)
\mdf@frametitlebox=\box60
\mdf@footnotebox=\box61
\mdf@splitbox@one=\box62
\mdf@splitbox@two=\box63
\mdf@splitbox@save=\box64
\mdfsplitboxwidth=\skip150
\mdfsplitboxtotalwidth=\skip151
\mdfsplitboxheight=\skip152
\mdfsplitboxdepth=\skip153
\mdfsplitboxtotalheight=\skip154
\mdfframetitleboxwidth=\skip155
\mdfframetitleboxtotalwidth=\skip156
\mdfframetitleboxheight=\skip157
\mdfframetitleboxdepth=\skip158
\mdfframetitleboxtotalheight=\skip159
\mdffootnoteboxwidth=\skip160
\mdffootnoteboxtotalwidth=\skip161
\mdffootnoteboxheight=\skip162
\mdffootnoteboxdepth=\skip163
\mdffootnoteboxtotalheight=\skip164
\mdftotallinewidth=\skip165
\mdfboundingboxwidth=\skip166
\mdfboundingboxtotalwidth=\skip167
\mdfboundingboxheight=\skip168
\mdfboundingboxdepth=\skip169
\mdfboundingboxtotalheight=\skip170
\mdf@freevspace@length=\skip171
\mdf@horizontalwidthofbox@length=\skip172
\mdf@verticalmarginwhole@length=\skip173
\mdf@horizontalspaceofbox=\skip174
\mdfsubtitleheight=\skip175
\mdfsubsubtitleheight=\skip176
\c@mdfcountframes=\count302

****** mdframed patching \endmdf@trivlist

****** -- success******

\mdf@envdepth=\count303
\c@mdf@env@i=\count304
\c@mdf@env@ii=\count305
\c@mdf@zref@counter=\count306
Package zref Info: New property: mdf@pagevalue on input line 895.
)
("C:\Users\stephen\AppData\Local\Programs\MiKTeX 2.9\tex/latex/amsmath\amsmath.
sty"
Package: amsmath 2020/01/20 v2.17e AMS math features
\@mathmargin=\skip177

For additional information on amsmath, use the `?' option.

("C:\Users\stephen\AppData\Local\Programs\MiKTeX 2.9\tex/latex/amsmath\amstext.
sty"
Package: amstext 2000/06/29 v2.01 AMS text

("C:\Users\stephen\AppData\Local\Programs\MiKTeX 2.9\tex/latex/amsmath\amsgen.s
ty"
File: amsgen.sty 1999/11/30 v2.0 generic functions
\@emptytoks=\toks36
\ex@=\dimen280
))
("C:\Users\stephen\AppData\Local\Programs\MiKTeX 2.9\tex/latex/amsmath\amsbsy.s
ty"
Package: amsbsy 1999/11/29 v1.2d Bold Symbols
\pmbraise@=\dimen281
)
("C:\Users\stephen\AppData\Local\Programs\MiKTeX 2.9\tex/latex/amsmath\amsopn.s
ty"
Package: amsopn 2016/03/08 v2.02 operator names
)
\inf@bad=\count307
LaTeX Info: Redefining \frac on input line 227.
\uproot@=\count308
\leftroot@=\count309
LaTeX Info: Redefining \overline on input line 389.
\classnum@=\count310
\DOTSCASE@=\count311
LaTeX Info: Redefining \ldots on input line 486.
LaTeX Info: Redefining \dots on input line 489.
LaTeX Info: Redefining \cdots on input line 610.
\Mathstrutbox@=\box65
\strutbox@=\box66
\big@size=\dimen282
LaTeX Font Info:    Redeclaring font encoding OML on input line 733.
LaTeX Font Info:    Redeclaring font encoding OMS on input line 734.
\macc@depth=\count312
\c@MaxMatrixCols=\count313
\dotsspace@=\muskip17
\c@parentequation=\count314
\dspbrk@lvl=\count315
\tag@help=\toks37
\row@=\count316
\column@=\count317
\maxfields@=\count318
\andhelp@=\toks38
\eqnshift@=\dimen283
\alignsep@=\dimen284
\tagshift@=\dimen285
\tagwidth@=\dimen286
\totwidth@=\dimen287
\lineht@=\dimen288
\@envbody=\toks39
\multlinegap=\skip178
\multlinetaggap=\skip179
\mathdisplay@stack=\toks40
LaTeX Info: Redefining \[ on input line 2859.
LaTeX Info: Redefining \] on input line 2860.
)
("C:\Users\stephen\AppData\Local\Programs\MiKTeX 2.9\tex/latex/amsfonts\amssymb
.sty"
Package: amssymb 2013/01/14 v3.01 AMS font symbols

("C:\Users\stephen\AppData\Local\Programs\MiKTeX 2.9\tex/latex/amsfonts\amsfont
s.sty"
Package: amsfonts 2013/01/14 v3.01 Basic AMSFonts support
\symAMSa=\mathgroup4
\symAMSb=\mathgroup5
LaTeX Font Info:    Redeclaring math symbol \hbar on input line 98.
LaTeX Font Info:    Overwriting math alphabet `\mathfrak' in version `bold'
(Font)                  U/euf/m/n --> U/euf/b/n on input line 106.
))
("C:\Users\stephen\AppData\Local\Programs\MiKTeX 2.9\tex/latex/graphics\rotatin
g.sty"
Package: rotating 2016/08/11 v2.16d rotated objects in LaTeX

("C:\Users\stephen\AppData\Local\Programs\MiKTeX 2.9\tex/latex/base\ifthen.sty"
Package: ifthen 2014/09/29 v1.1c Standard LaTeX ifthen package (DPC)
)
\c@r@tfl@t=\count319
\rotFPtop=\skip180
\rotFPbot=\skip181
\rot@float@box=\box67
\rot@mess@toks=\toks41
)
("C:\Users\stephen\AppData\Local\Programs\MiKTeX 2.9\tex/latex/cancel\cancel.st
y"
Package: cancel 2013/04/12 v2.2 Cancel math terms
)
("C:\Users\stephen\AppData\Local\Programs\MiKTeX 2.9\tex/latex/cleveref\clevere
f.sty"
Package: cleveref 2018/03/27 v0.21.4 Intelligent cross-referencing
Package cleveref Info: `hyperref' support loaded on input line 2370.
LaTeX Info: Redefining \cref on input line 2370.
LaTeX Info: Redefining \Cref on input line 2370.
LaTeX Info: Redefining \crefrange on input line 2370.
LaTeX Info: Redefining \Crefrange on input line 2370.
LaTeX Info: Redefining \cpageref on input line 2370.
LaTeX Info: Redefining \Cpageref on input line 2370.
LaTeX Info: Redefining \cpagerefrange on input line 2370.
LaTeX Info: Redefining \Cpagerefrange on input line 2370.
LaTeX Info: Redefining \labelcref on input line 2370.
LaTeX Info: Redefining \labelcpageref on input line 2370.
Package cleveref Info: `subfig' support loaded on input line 3164.
)
("C:\Users\stephen\AppData\Local\Programs\MiKTeX 2.9\tex/latex/colortbl\colortb
l.sty"
Package: colortbl 2020/01/04 v1.0e Color table columns (DPC)
\everycr=\toks42
\minrowclearance=\skip182
)
("C:\Users\stephen\AppData\Local\Programs\MiKTeX 2.9\tex/latex/csquotes\csquote
s.sty"
Package: csquotes 2019-12-06 v5.2j context-sensitive quotations (JAW)
\csq@reset=\count320
\csq@gtype=\count321
\csq@glevel=\count322
\csq@qlevel=\count323
\csq@maxlvl=\count324
\csq@tshold=\count325
\csq@ltx@everypar=\toks43

("C:\Users\stephen\AppData\Local\Programs\MiKTeX 2.9\tex/latex/csquotes\csquote
s.def"
File: csquotes.def 2019-12-06 v5.2j csquotes generic definitions (JAW)
)
Package csquotes Info: Trying to load configuration file 'csquotes.cfg'...
Package csquotes Info: ... configuration file loaded successfully.

("C:\Users\stephen\AppData\Local\Programs\MiKTeX 2.9\tex/latex/csquotes\csquote
s.cfg"
File: csquotes.cfg 
))
("C:\Users\stephen\AppData\Local\Programs\MiKTeX 2.9\tex/latex/psnfss\helvet.st
y"
Package: helvet 2020/03/25 PSNFSS-v9.3 (WaS) 
)
("C:\Users\stephen\AppData\Local\Programs\MiKTeX 2.9\tex/latex/psnfss\mathpazo.
sty"
Package: mathpazo 2020/03/25 PSNFSS-v9.3 Palatino w/ Pazo Math (D.Puga, WaS) 
\symupright=\mathgroup6
)
("C:\Users\stephen\AppData\Local\Programs\MiKTeX 2.9\tex/latex/multirow\multiro
w.sty"
Package: multirow 2019/05/31 v2.5 Span multiple rows of a table
\multirow@colwidth=\skip183
\multirow@cntb=\count326
\multirow@dima=\skip184
\bigstrutjot=\dimen289
)
("C:\Users\stephen\AppData\Local\Programs\MiKTeX 2.9\tex/latex/listings\listing
s.sty"
\lst@mode=\count327
\lst@gtempboxa=\box68
\lst@token=\toks44
\lst@length=\count328
\lst@currlwidth=\dimen290
\lst@column=\count329
\lst@pos=\count330
\lst@lostspace=\dimen291
\lst@width=\dimen292
\lst@newlines=\count331
\lst@lineno=\count332
\lst@maxwidth=\dimen293

("C:\Users\stephen\AppData\Local\Programs\MiKTeX 2.9\tex/latex/listings\lstmisc
.sty"
File: lstmisc.sty 2019/09/10 1.8c (Carsten Heinz)
\c@lstnumber=\count333
\lst@skipnumbers=\count334
\lst@framebox=\box69
)
("C:\Users\stephen\AppData\Local\Programs\MiKTeX 2.9\tex/latex/listings\listing
s.cfg"
File: listings.cfg 2019/09/10 1.8c listings configuration
))
Package: listings 2019/09/10 1.8c (Carsten Heinz)

("C:\Users\stephen\AppData\Local\Programs\MiKTeX 2.9\tex/latex/pgfplots\pgfplot
s.sty"
("C:\Users\stephen\AppData\Local\Programs\MiKTeX 2.9\tex/generic/pgfplots\pgfpl
ots.revision.tex")
Package: pgfplots 2020/02/29 v1.17 Data Visualization (1.17)

("C:\Users\stephen\AppData\Local\Programs\MiKTeX 2.9\tex/generic/pgfplots\pgfpl
ots.code.tex"
("C:\Users\stephen\AppData\Local\Programs\MiKTeX 2.9\tex/generic/pgfplots\pgfpl
otscore.code.tex"
\t@pgfplots@toka=\toks45
\t@pgfplots@tokb=\toks46
\t@pgfplots@tokc=\toks47
\pgfplots@tmpa=\dimen294
\c@pgfplots@coordindex=\count335
\c@pgfplots@scanlineindex=\count336

("C:\Users\stephen\AppData\Local\Programs\MiKTeX 2.9\tex/generic/pgfplots/sys\p
gfplotssysgeneric.code.tex"))
("C:\Users\stephen\AppData\Local\Programs\MiKTeX 2.9\tex/generic/pgfplots/libs\
pgfplotslibrary.code.tex")
("C:\Users\stephen\AppData\Local\Programs\MiKTeX 2.9\tex/generic/pgfplots/oldpg
fcompatib\pgfplotsoldpgfsupp_loader.code.tex"
("C:\Users\stephen\AppData\Local\Programs\MiKTeX 2.9\tex/generic/pgf/libraries\
pgflibraryfpu.code.tex"))
("C:\Users\stephen\AppData\Local\Programs\MiKTeX 2.9\tex/generic/pgfplots/util\
pgfplotsutil.code.tex"
("C:\Users\stephen\AppData\Local\Programs\MiKTeX 2.9\tex/generic/pgfplots/lists
tructure\pgfplotsliststructure.code.tex")
("C:\Users\stephen\AppData\Local\Programs\MiKTeX 2.9\tex/generic/pgfplots/lists
tructure\pgfplotsliststructureext.code.tex")
("C:\Users\stephen\AppData\Local\Programs\MiKTeX 2.9\tex/generic/pgfplots/lists
tructure\pgfplotsarray.code.tex"
\c@pgfplotsarray@tmp=\count337
)
("C:\Users\stephen\AppData\Local\Programs\MiKTeX 2.9\tex/generic/pgfplots/lists
tructure\pgfplotsmatrix.code.tex")
("C:\Users\stephen\AppData\Local\Programs\MiKTeX 2.9\tex/generic/pgfplots/numta
ble\pgfplotstableshared.code.tex"
\c@pgfplotstable@counta=\count338
\t@pgfplotstable@a=\toks48
)
("C:\Users\stephen\AppData\Local\Programs\MiKTeX 2.9\tex/generic/pgfplots/lists
tructure\pgfplotsdeque.code.tex")
("C:\Users\stephen\AppData\Local\Programs\MiKTeX 2.9\tex/generic/pgfplots/util\
pgfplotsbinary.code.tex"
("C:\Users\stephen\AppData\Local\Programs\MiKTeX 2.9\tex/generic/pgfplots/util\
pgfplotsbinary.data.code.tex"))
("C:\Users\stephen\AppData\Local\Programs\MiKTeX 2.9\tex/generic/pgfplots/util\
pgfplotsutil.verb.code.tex")
("C:\Users\stephen\AppData\Local\Programs\MiKTeX 2.9\tex/generic/pgfplots/libs\
pgflibrarypgfplots.surfshading.code.tex"
\c@pgfplotslibrarysurf@no=\count339

("C:\Users\stephen\AppData\Local\Programs\MiKTeX 2.9\tex/generic/pgfplots/sys\p
gflibrarypgfplots.surfshading.pgfsys-pdftex.def")))
("C:\Users\stephen\AppData\Local\Programs\MiKTeX 2.9\tex/generic/pgfplots/util\
pgfplotscolormap.code.tex"
("C:\Users\stephen\AppData\Local\Programs\MiKTeX 2.9\tex/generic/pgfplots/util\
pgfplotscolor.code.tex"))
("C:\Users\stephen\AppData\Local\Programs\MiKTeX 2.9\tex/generic/pgfplots\pgfpl
otsstackedplots.code.tex")
("C:\Users\stephen\AppData\Local\Programs\MiKTeX 2.9\tex/generic/pgfplots\pgfpl
otsplothandlers.code.tex"
("C:\Users\stephen\AppData\Local\Programs\MiKTeX 2.9\tex/generic/pgfplots\pgfpl
otsmeshplothandler.code.tex"
("C:\Users\stephen\AppData\Local\Programs\MiKTeX 2.9\tex/generic/pgfplots\pgfpl
otsmeshplotimage.code.tex")))
("C:\Users\stephen\AppData\Local\Programs\MiKTeX 2.9\tex/generic/pgfplots\pgfpl
ots.scaling.code.tex")
("C:\Users\stephen\AppData\Local\Programs\MiKTeX 2.9\tex/generic/pgfplots\pgfpl
otscoordprocessing.code.tex")
("C:\Users\stephen\AppData\Local\Programs\MiKTeX 2.9\tex/generic/pgfplots\pgfpl
ots.errorbars.code.tex")
("C:\Users\stephen\AppData\Local\Programs\MiKTeX 2.9\tex/generic/pgfplots\pgfpl
ots.markers.code.tex")
("C:\Users\stephen\AppData\Local\Programs\MiKTeX 2.9\tex/generic/pgfplots\pgfpl
otsticks.code.tex")
("C:\Users\stephen\AppData\Local\Programs\MiKTeX 2.9\tex/generic/pgfplots\pgfpl
ots.paths.code.tex")
("C:\Users\stephen\AppData\Local\Programs\MiKTeX 2.9\tex/generic/pgf/frontendla
yer/tikz/libraries\tikzlibrarydecorations.code.tex"
("C:\Users\stephen\AppData\Local\Programs\MiKTeX 2.9\tex/generic/pgf/modules\pg
fmoduledecorations.code.tex"
\pgfdecoratedcompleteddistance=\dimen295
\pgfdecoratedremainingdistance=\dimen296
\pgfdecoratedinputsegmentcompleteddistance=\dimen297
\pgfdecoratedinputsegmentremainingdistance=\dimen298
\pgf@decorate@distancetomove=\dimen299
\pgf@decorate@repeatstate=\count340
\pgfdecorationsegmentamplitude=\dimen300
\pgfdecorationsegmentlength=\dimen301
)
\tikz@lib@dec@box=\box70
)
("C:\Users\stephen\AppData\Local\Programs\MiKTeX 2.9\tex/generic/pgf/frontendla
yer/tikz/libraries\tikzlibrarydecorations.pathmorphing.code.tex"
("C:\Users\stephen\AppData\Local\Programs\MiKTeX 2.9\tex/generic/pgf/libraries/
decorations\pgflibrarydecorations.pathmorphing.code.tex"))
("C:\Users\stephen\AppData\Local\Programs\MiKTeX 2.9\tex/generic/pgf/frontendla
yer/tikz/libraries\tikzlibrarydecorations.pathreplacing.code.tex"
("C:\Users\stephen\AppData\Local\Programs\MiKTeX 2.9\tex/generic/pgf/libraries/
decorations\pgflibrarydecorations.pathreplacing.code.tex"))
\pgfplots@numplots=\count341
\pgfplots@xmin@reg=\dimen302
\pgfplots@xmax@reg=\dimen303
\pgfplots@ymin@reg=\dimen304
\pgfplots@ymax@reg=\dimen305
\pgfplots@zmin@reg=\dimen306
\pgfplots@zmax@reg=\dimen307
)
("C:\Users\stephen\AppData\Local\Programs\MiKTeX 2.9\tex/generic/pgf/frontendla
yer/tikz/libraries\tikzlibraryplotmarks.code.tex"
File: tikzlibraryplotmarks.code.tex 2020/01/08 v3.1.5b (3.1.5b)

("C:\Users\stephen\AppData\Local\Programs\MiKTeX 2.9\tex/generic/pgf/libraries\
pgflibraryplotmarks.code.tex"
File: pgflibraryplotmarks.code.tex 2020/01/08 v3.1.5b (3.1.5b)
)))
\c@aside=\count342

("C:\Users\stephen\AppData\Local\Programs\MiKTeX 2.9\tex/latex/ctable\ctable.st
y"
Package: ctable 2015/10/17 v1.31 ctable package for flexible typesetting of tab
le and figure floats using key/value directives

("C:\Users\stephen\AppData\Local\Programs\MiKTeX 2.9\tex/generic/iftex\ifpdf.st
y"
Package: ifpdf 2019/10/25 v3.4 ifpdf legacy package. Use iftex instead.
)
("C:\Users\stephen\AppData\Local\Programs\MiKTeX 2.9\tex/latex/xkeyval\xkeyval.
sty"
Package: xkeyval 2014/12/03 v2.7a package option processing (HA)

("C:\Users\stephen\AppData\Local\Programs\MiKTeX 2.9\tex/generic/xkeyval\xkeyva
l.tex"
("C:\Users\stephen\AppData\Local\Programs\MiKTeX 2.9\tex/generic/xkeyval\xkvuti
ls.tex"
\XKV@toks=\toks49
\XKV@tempa@toks=\toks50
)
\XKV@depth=\count343
File: xkeyval.tex 2014/12/03 v2.7a key=value parser (HA)
))
("C:\Users\stephen\AppData\Local\Programs\MiKTeX 2.9\tex/latex/tools\tabularx.s
ty"
Package: tabularx 2020/01/15 v2.11c `tabularx' package (DPC)
\TX@col@width=\dimen308
\TX@old@table=\dimen309
\TX@old@col=\dimen310
\TX@target=\dimen311
\TX@delta=\dimen312
\TX@cols=\count344
\TX@ftn=\toks51
)

Package ctable Warning:  Transparency disabled: incompatible with tikz package 
 on input line 36.

\@CTframesep=\dimen313
\@dfltCTframesep=\dimen314
\@CTframerule=\dimen315
\@dfltCTframerule=\dimen316
\@CTwidth=\dimen317
\@dfltCTwidth=\dimen318
\@CTcaptionskip=\dimen319
\@dfltCTcaptionskip=\dimen320
\@CTmaxwidth=\dimen321
\@dfltCTmaxwidth=\dimen322
\@CTmincapwidth=\dimen323
\@dfltCTmincapwidth=\dimen324
\@CTfooterwidth=\dimen325
\@dfltCTfooterwidth=\dimen326
\@CTw=\dimen327
\@CTfloatwidth=\dimen328
\@CToldsep=\dimen329
\@CToldrule=\dimen330
\CT@t=\box71
\@CTcurftwidth=\dimen331
)
\mybox=\box72
\mysim=\box73
Package csquotes Info: Checking for multilingual support...
Package csquotes Info: ... found 'babel' package.
Package csquotes Info: Adjusting default style.
Package csquotes Info: Redefining alias 'default' -> 'english'.
 (thesis.aux)
\openout1 = `thesis.aux'.

LaTeX Font Info:    Checking defaults for OML/cmm/m/it on input line 196.
LaTeX Font Info:    ... okay on input line 196.
LaTeX Font Info:    Checking defaults for OMS/cmsy/m/n on input line 196.
LaTeX Font Info:    ... okay on input line 196.
LaTeX Font Info:    Checking defaults for OT1/cmr/m/n on input line 196.
LaTeX Font Info:    ... okay on input line 196.
LaTeX Font Info:    Checking defaults for T1/cmr/m/n on input line 196.
LaTeX Font Info:    ... okay on input line 196.
LaTeX Font Info:    Checking defaults for TS1/cmr/m/n on input line 196.
LaTeX Font Info:    ... okay on input line 196.
LaTeX Font Info:    Checking defaults for OMX/cmex/m/n on input line 196.
LaTeX Font Info:    ... okay on input line 196.
LaTeX Font Info:    Checking defaults for U/cmr/m/n on input line 196.
LaTeX Font Info:    ... okay on input line 196.
LaTeX Font Info:    Checking defaults for PD1/pdf/m/n on input line 196.
LaTeX Font Info:    ... okay on input line 196.
LaTeX Font Info:    Trying to load font information for OT1+ppl on input line 1
96.

("C:\Users\stephen\AppData\Local\Programs\MiKTeX 2.9\tex/latex/psnfss\ot1ppl.fd
"
File: ot1ppl.fd 2001/06/04 font definitions for OT1/ppl.
)
*geometry* driver: auto-detecting
*geometry* detected driver: pdftex
*geometry* verbose mode - [ preamble ] result:
* driver: pdftex
* paper: a4paper
* layout: <same size as paper>
* layoutoffset:(h,v)=(0.0pt,0.0pt)
* modes: 
* h-part:(L,W,R)=(89.62709pt, 418.25368pt, 89.6271pt)
* v-part:(T,H,B)=(101.40665pt, 591.5302pt, 152.11pt)
* \paperwidth=597.50787pt
* \paperheight=845.04684pt
* \textwidth=418.25368pt
* \textheight=591.5302pt
* \oddsidemargin=17.3571pt
* \evensidemargin=17.3571pt
* \topmargin=-7.86334pt
* \headheight=12.0pt
* \headsep=25.0pt
* \topskip=12.0pt
* \footskip=30.0pt
* \marginparwidth=44.0pt
* \marginparsep=10.0pt
* \columnsep=10.0pt
* \skip\footins=10.8pt plus 4.0pt minus 2.0pt
* \hoffset=0.0pt
* \voffset=0.0pt
* \mag=1000
* \@twocolumnfalse
* \@twosidefalse
* \@mparswitchfalse
* \@reversemarginfalse
* (1in=72.27pt=25.4mm, 1cm=28.453pt)


("C:\Users\stephen\AppData\Local\Programs\MiKTeX 2.9\tex/context/base/mkii\supp
-pdf.mkii"
[Loading MPS to PDF converter (version 2006.09.02).]
\scratchcounter=\count345
\scratchdimen=\dimen332
\scratchbox=\box74
\nofMPsegments=\count346
\nofMParguments=\count347
\everyMPshowfont=\toks52
\MPscratchCnt=\count348
\MPscratchDim=\dimen333
\MPnumerator=\count349
\makeMPintoPDFobject=\count350
\everyMPtoPDFconversion=\toks53
)
("C:\Users\stephen\AppData\Local\Programs\MiKTeX 2.9\tex/latex/epstopdf-pkg\eps
topdf-base.sty"
Package: epstopdf-base 2020-01-24 v2.11 Base part for package epstopdf
Package epstopdf-base Info: Redefining graphics rule for `.eps' on input line 4
85.
)
Package caption Info: Begin \AtBeginDocument code.
Package caption Info: subfig package v1.3 is loaded.
Package caption Info: hyperref package is loaded.
Package caption Info: listings package is loaded.
Package caption Info: rotating package is loaded.
Package caption Info: End \AtBeginDocument code.
\AtBeginShipoutBox=\box75
Package hyperref Info: Link coloring ON on input line 196.
LaTeX Info: Redefining \ref on input line 196.
LaTeX Info: Redefining \pageref on input line 196.
LaTeX Info: Redefining \nameref on input line 196.
 (thesis.out) (thesis.out)
\@outlinefile=\write4
\openout4 = `thesis.out'.


ABD: EveryShipout initializing macros
\c@lstlisting=\count351


Package pgfplots Warning: running in backwards compatibility mode (unsuitable t
ick labels; missing features). Consider writing \pgfplotsset{compat=1.17} into 
your preamble.
 on input line 196.

[1

{C:/Users/stephen/AppData/Local/MiKTeX/2.9/pdftex/config/pdftex.map}]pdfTeX war
ning (ext4): destination with the same identifier (name{page.1}) has been alrea
dy used, duplicate ignored
<to be read again> 
                   \relax 
l.273 	\newpage
                [1]
LaTeX Font Info:    Trying to load font information for OT1+phv on input line 2
75.

("C:\Users\stephen\AppData\Local\Programs\MiKTeX 2.9\tex/latex/psnfss\ot1phv.fd
"
File: ot1phv.fd 2020/03/25 scalable font definitions for OT1/phv.
)
LaTeX Font Info:    Trying to load font information for OML+zplm on input line 
276.

("C:\Users\stephen\AppData\Local\Programs\MiKTeX 2.9\tex/latex/psnfss\omlzplm.f
d"
File: omlzplm.fd 2002/09/08 Fontinst v1.914 font definitions for OML/zplm.
)
LaTeX Font Info:    Trying to load font information for OMS+zplm on input line 
276.

("C:\Users\stephen\AppData\Local\Programs\MiKTeX 2.9\tex/latex/psnfss\omszplm.f
d"
File: omszplm.fd 2002/09/08 Fontinst v1.914 font definitions for OMS/zplm.
)
LaTeX Font Info:    Trying to load font information for OMX+zplm on input line 
276.

("C:\Users\stephen\AppData\Local\Programs\MiKTeX 2.9\tex/latex/psnfss\omxzplm.f
d"
File: omxzplm.fd 2002/09/08 Fontinst v1.914 font definitions for OMX/zplm.
)
LaTeX Font Info:    Font shape `U/msa/m/n' will be
(Font)              scaled to size 12.50409pt on input line 276.
LaTeX Font Info:    Font shape `U/msa/m/n' will be
(Font)              scaled to size 9.37807pt on input line 276.
LaTeX Font Info:    Font shape `U/msa/m/n' will be
(Font)              scaled to size 7.29405pt on input line 276.
LaTeX Font Info:    Font shape `U/msb/m/n' will be
(Font)              scaled to size 12.50409pt on input line 276.
LaTeX Font Info:    Font shape `U/msb/m/n' will be
(Font)              scaled to size 9.37807pt on input line 276.
LaTeX Font Info:    Font shape `U/msb/m/n' will be
(Font)              scaled to size 7.29405pt on input line 276.
LaTeX Font Info:    Trying to load font information for OT1+zplm on input line 
276.

("C:\Users\stephen\AppData\Local\Programs\MiKTeX 2.9\tex/latex/psnfss\ot1zplm.f
d"
File: ot1zplm.fd 2002/09/08 Fontinst v1.914 font definitions for OT1/zplm.
) [2] (thesis.toc [3])
\tf@toc=\write5
\openout5 = `thesis.toc'.

 [4] [5]
LaTeX Font Info:    Trying to load font information for TS1+ppl on input line 3
75.

("C:\Users\stephen\AppData\Local\Programs\MiKTeX 2.9\tex/latex/psnfss\ts1ppl.fd
"
File: ts1ppl.fd 2001/06/04 font definitions for TS1/ppl.
)
Overfull \hbox (2.67392pt too wide) in paragraph at lines 382--384
[]\OT1/ppl/m/n/12 Previous at-tempts to achieve cell-type or tissue-specific an
-no-ta-tion have used
 []


Overfull \hbox (9.83005pt too wide) in paragraph at lines 382--384
\OT1/ppl/m/n/12 the Geno-type Tis-sue Ex-pres-sion (GTEx) ([][]GTEx Con-sor-tiu
m[][], [][]2017[][]) database ([][]Lons-
 []

[6]
Overfull \hbox (2.91568pt too wide) in paragraph at lines 390--391
\OT1/ppl/m/n/12 hav-ior of the pro-ce-dure, were the ex-per-i-ment re-peat-edly
 per-formed." 
 []

[7]
Overfull \hbox (5.6423pt too wide) in paragraph at lines 396--397
\OT1/ppl/m/n/12 come this prob-lem such as split-merge steps ([][]Dahl[][], [][
]2005[][]) and Hamil-to-nian Monte
 []

[8] [9] [10] [11]
LaTeX Font Info:    Trying to load font information for U+fplmbb on input line 
506.

("C:\Users\stephen\AppData\Local\Programs\MiKTeX 2.9\tex/latex/psnfss\ufplmbb.f
d"
File: ufplmbb.fd 2003/10/30 Fontinst v1.914 font definitions for U/fplmbb.
) [12]
Overfull \hbox (17.36798pt too wide) in paragraph at lines 517--518
[]\OT1/ppl/m/n/12 The gen-er-alised case for $\OML/zplm/m/it/12 L$ \OT1/ppl/m/n
/12 datasets, $\OML/zplm/m/it/12 X[] \OT1/zplm/m/n/12 = (\OML/zplm/m/it/12 x[]\
OT1/ppl/m/n/12 , [] , \OML/zplm/m/it/12 x[]\OT1/zplm/m/n/12 )\OT1/ppl/m/n/12 , 
[] , \OML/zplm/m/it/12 X[] \OT1/zplm/m/n/12 = (\OML/zplm/m/it/12 x[]\OT1/ppl/m/
n/12 , [] , \OML/zplm/m/it/12 x[]\OT1/zplm/m/n/12 )$
 []


Package amsmath Warning: Foreign command \atopwithdelims;
(amsmath)                \frac or \genfrac should be used instead
(amsmath)                 on input line 521.

<Images/Data_inspection/phi_prior.png, id=486, 681.2652pt x 426.6339pt>
File: Images/Data_inspection/phi_prior.png Graphic file (type png)
<use Images/Data_inspection/phi_prior.png>
Package pdftex.def Info: Images/Data_inspection/phi_prior.png  used on input li
ne 538.
(pdftex.def)             Requested size: 442.81714pt x 277.30873pt.

Overfull \hbox (24.56346pt too wide) in paragraph at lines 538--539
 [][] 
 []

<Images/Data_inspection/alpha_prior.png, id=487, 681.2652pt x 426.6339pt>
File: Images/Data_inspection/alpha_prior.png Graphic file (type png)
<use Images/Data_inspection/alpha_prior.png>
Package pdftex.def Info: Images/Data_inspection/alpha_prior.png  used on input 
line 545.
(pdftex.def)             Requested size: 442.81714pt x 277.30873pt.

Overfull \hbox (24.56346pt too wide) in paragraph at lines 545--546
 [][] 
 []

[13] [14 <./Images/Data_inspection/phi_prior.png>] [15 <./Images/Data_inspectio
n/alpha_prior.png>]

LaTeX Warning: No positions in optional float specifier.
               Default added (so using `tbp') on input line 602.


Package amsmath Warning: Foreign command \atop;
(amsmath)                \frac or \genfrac should be used instead
(amsmath)                 on input line 605.

[16]
Overfull \hbox (36.90904pt too wide) in alignment at lines 639--641
 [][][] []
 []

[17]
Overfull \hbox (14.25494pt too wide) in paragraph at lines 654--655
[]\OT1/ppl/m/n/12 One can es-ti-mate the pos-te-rior ex-pected ad-justed Rand i
n-dex from the recorded
 []

[18]

Package hyperref Warning: Token not allowed in a PDF string (PDFDocEncoding):
(hyperref)                removing `math shift' on input line 673.


Package hyperref Warning: Token not allowed in a PDF string (PDFDocEncoding):
(hyperref)                removing `math shift' on input line 673.


Overfull \hbox (3.15866pt too wide) in paragraph at lines 681--682
\OT1/ppl/m/n/12 The ap-proach de-scribed by [][]Gel-man and Ru-bin[][] ([][]199
2[][]) com-pares se-quences across
 []

[19] [20] [21]
<Images/Gen_data/Case_1/cor_matrix_dataset_1.png, id=634, 505.89pt x 505.89pt>
File: Images/Gen_data/Case_1/cor_matrix_dataset_1.png Graphic file (type png)
<use Images/Gen_data/Case_1/cor_matrix_dataset_1.png>
Package pdftex.def Info: Images/Gen_data/Case_1/cor_matrix_dataset_1.png  used 
on input line 858.
(pdftex.def)             Requested size: 328.82458pt x 328.82458pt.
 [22]
<Images/Gen_data/Case_2/dataset_3_comp_clustered_unclustered.png, id=646, 867.2
4pt x 578.16pt>
File: Images/Gen_data/Case_2/dataset_3_comp_clustered_unclustered.png Graphic f
ile (type png)
<use Images/Gen_data/Case_2/dataset_3_comp_clustered_unclustered.png>
Package pdftex.def Info: Images/Gen_data/Case_2/dataset_3_comp_clustered_unclus
tered.png  used on input line 887.
(pdftex.def)             Requested size: 607.06387pt x 404.70924pt.

Overfull \hbox (15.53368pt too wide) in paragraph at lines 887--888
 [][] 
 []

[23 <./Images/Gen_data/Case_1/cor_matrix_dataset_1.png (PNG copy)>] [24 <./Imag
es/Gen_data/Case_2/dataset_3_comp_clustered_unclustered.png (PNG copy)>]
[25]
<Images/colon_highlight.png, id=675, 572.1375pt x 390.45876pt>
File: Images/colon_highlight.png Graphic file (type png)
<use Images/colon_highlight.png>
Package pdftex.def Info: Images/colon_highlight.png  used on input line 935.
(pdftex.def)             Requested size: 314.67659pt x 214.75298pt.

Overfull \hbox (6.51555pt too wide) in paragraph at lines 943--944
[]\OT1/ppl/m/n/12 Whole genome ex-pres-sion data were gen-er-ated us-ing HT-12 
Ex-pres-sion Bead-
 []

[26 <./Images/colon_highlight.png>]
<Images/Data_inspection/probe_presence_across_datasets_no_all.png, id=684, 681.
2652pt x 425.9112pt>
File: Images/Data_inspection/probe_presence_across_datasets_no_all.png Graphic 
file (type png)
<use Images/Data_inspection/probe_presence_across_datasets_no_all.png>
Package pdftex.def Info: Images/Data_inspection/probe_presence_across_datasets_
no_all.png  used on input line 950.
(pdftex.def)             Requested size: 613.13301pt x 383.31651pt.

Overfull \hbox (21.60281pt too wide) in paragraph at lines 950--951
 [][] 
 []


Overfull \hbox (3.68257pt too wide) in paragraph at lines 958--959
[]\OT1/ppl/m/n/12 Due to ex-po-nen-tial in-crease in com-pu-ta-tional cost for 
each ad-di-tional dataset,
 []

<Images/white_blood_cell_differentiation.jpg, id=688, 555.7563pt x 456.7464pt>
File: Images/white_blood_cell_differentiation.jpg Graphic file (type jpg)
<use Images/white_blood_cell_differentiation.jpg>
Package pdftex.def Info: Images/white_blood_cell_differentiation.jpg  used on i
nput line 962.
(pdftex.def)             Requested size: 416.81621pt x 342.55896pt.

LaTeX Warning: `h' float specifier changed to `ht'.

[27] [28 <./Images/Data_inspection/probe_presence_across_datasets_no_all.png (P
NG copy)>] [29 <./Images/white_blood_cell_differentiation.jpg>] [30] [31]
Overfull \hbox (0.62212pt too wide) in paragraph at lines 1071--1072
[]\OT1/ppl/m/n/12 I then ap-ply the method to real bi-o-log-i-cal data with kno
wn path-ways present
 []

<Images/Gen_data/Case_1/Number_clusters_present_MDItestdata1_consensus_500.png,
 id=753, 505.89pt x 505.89pt>
File: Images/Gen_data/Case_1/Number_clusters_present_MDItestdata1_consensus_500
.png Graphic file (type png)
<use Images/Gen_data/Case_1/Number_clusters_present_MDItestdata1_consensus_500.
png>
Package pdftex.def Info: Images/Gen_data/Case_1/Number_clusters_present_MDItest
data1_consensus_500.png  used on input line 1095.
(pdftex.def)             Requested size: 328.82458pt x 328.82458pt.
[32]
<Images/Gen_data/Case_1/Esimated_burn_in_plot_3.png, id=771, 481.8pt x 481.8pt>

File: Images/Gen_data/Case_1/Esimated_burn_in_plot_3.png Graphic file (type png
)
<use Images/Gen_data/Case_1/Esimated_burn_in_plot_3.png>
Package pdftex.def Info: Images/Gen_data/Case_1/Esimated_burn_in_plot_3.png  us
ed on input line 1116.
(pdftex.def)             Requested size: 313.16628pt x 313.16628pt.
<Images/Gen_data/Case_1/Auto_correlation_plot_3.png, id=774, 481.8pt x 481.8pt>

File: Images/Gen_data/Case_1/Auto_correlation_plot_3.png Graphic file (type png
)
<use Images/Gen_data/Case_1/Auto_correlation_plot_3.png>
Package pdftex.def Info: Images/Gen_data/Case_1/Auto_correlation_plot_3.png  us
ed on input line 1125.
(pdftex.def)             Requested size: 313.16628pt x 313.16628pt.
<Images/Gen_data/Case_1/Geweke_plot_3.png, id=777, 481.8pt x 481.8pt>
File: Images/Gen_data/Case_1/Geweke_plot_3.png Graphic file (type png)
<use Images/Gen_data/Case_1/Geweke_plot_3.png>
Package pdftex.def Info: Images/Gen_data/Case_1/Geweke_plot_3.png  used on inpu
t line 1133.
(pdftex.def)             Requested size: 313.16628pt x 313.16628pt.
<Images/Gen_data/Case_1/Gelman_plot.png, id=790, 481.8pt x 481.8pt>
File: Images/Gen_data/Case_1/Gelman_plot.png Graphic file (type png)
<use Images/Gen_data/Case_1/Gelman_plot.png>
Package pdftex.def Info: Images/Gen_data/Case_1/Gelman_plot.png  used on input 
line 1144.
(pdftex.def)             Requested size: 313.16628pt x 313.16628pt.
<Images/Gen_data/Case_1/box_plot_ari_true_clustering_burn_in.png, id=797, 681.2
652pt x 426.6339pt>
File: Images/Gen_data/Case_1/box_plot_ari_true_clustering_burn_in.png Graphic f
ile (type png)
<use Images/Gen_data/Case_1/box_plot_ari_true_clustering_burn_in.png>
Package pdftex.def Info: Images/Gen_data/Case_1/box_plot_ari_true_clustering_bu
rn_in.png  used on input line 1154.
(pdftex.def)             Requested size: 613.13301pt x 383.96695pt.

Overfull \hbox (21.60281pt too wide) in paragraph at lines 1154--1155
 [][] 
 []

<Images/Gen_data/Case_1/box_plot_ari_true_clustering_collapsed_long_burn_in.png
, id=800, 681.2652pt x 426.6339pt>
File: Images/Gen_data/Case_1/box_plot_ari_true_clustering_collapsed_long_burn_i
n.png Graphic file (type png)
<use Images/Gen_data/Case_1/box_plot_ari_true_clustering_collapsed_long_burn_in
.png>
Package pdftex.def Info: Images/Gen_data/Case_1/box_plot_ari_true_clustering_co
llapsed_long_burn_in.png  used on input line 1164.
(pdftex.def)             Requested size: 442.81714pt x 277.30873pt.

Overfull \hbox (24.56346pt too wide) in paragraph at lines 1164--1165
 [][] 
 []

[33 <./Images/Gen_data/Case_1/Number_clusters_present_MDItestdata1_consensus_50
0.png>] [34 <./Images/Gen_data/Case_1/Esimated_burn_in_plot_3.png>]
<Images/Gen_data/Case_2/Esimated_burn_in_plot_1.png, id=829, 481.8pt x 481.8pt>

File: Images/Gen_data/Case_2/Esimated_burn_in_plot_1.png Graphic file (type png
)
<use Images/Gen_data/Case_2/Esimated_burn_in_plot_1.png>
Package pdftex.def Info: Images/Gen_data/Case_2/Esimated_burn_in_plot_1.png  us
ed on input line 1181.
(pdftex.def)             Requested size: 313.16628pt x 313.16628pt.
<Images/Gen_data/Case_2/Auto_correlation_plot_9.png, id=830, 481.8pt x 481.8pt>

File: Images/Gen_data/Case_2/Auto_correlation_plot_9.png Graphic file (type png
)
<use Images/Gen_data/Case_2/Auto_correlation_plot_9.png>
Package pdftex.def Info: Images/Gen_data/Case_2/Auto_correlation_plot_9.png  us
ed on input line 1188.
(pdftex.def)             Requested size: 313.16628pt x 313.16628pt.
<Images/Gen_data/Case_2/Auto_correlation_plot_burn_20000_1.png, id=831, 481.8pt
 x 481.8pt>
File: Images/Gen_data/Case_2/Auto_correlation_plot_burn_20000_1.png Graphic fil
e (type png)
<use Images/Gen_data/Case_2/Auto_correlation_plot_burn_20000_1.png>
Package pdftex.def Info: Images/Gen_data/Case_2/Auto_correlation_plot_burn_2000
0_1.png  used on input line 1197.
(pdftex.def)             Requested size: 313.16628pt x 313.16628pt.
<Images/Gen_data/Case_2/Geweke_plot_burn_20000_1.png, id=832, 481.8pt x 481.8pt
>
File: Images/Gen_data/Case_2/Geweke_plot_burn_20000_1.png Graphic file (type pn
g)
<use Images/Gen_data/Case_2/Geweke_plot_burn_20000_1.png>
Package pdftex.def Info: Images/Gen_data/Case_2/Geweke_plot_burn_20000_1.png  u
sed on input line 1205.
(pdftex.def)             Requested size: 313.16628pt x 313.16628pt.
<Images/Gen_data/Case_2/Gelman_plot_burn_20000.png, id=833, 481.8pt x 481.8pt>
File: Images/Gen_data/Case_2/Gelman_plot_burn_20000.png Graphic file (type png)

<use Images/Gen_data/Case_2/Gelman_plot_burn_20000.png>
Package pdftex.def Info: Images/Gen_data/Case_2/Gelman_plot_burn_20000.png  use
d on input line 1214.
(pdftex.def)             Requested size: 313.16628pt x 313.16628pt.
<Images/Gen_data/Case_2/box_plot_ari_true_clustering_burn_in.png, id=834, 681.2
652pt x 426.6339pt>
File: Images/Gen_data/Case_2/box_plot_ari_true_clustering_burn_in.png Graphic f
ile (type png)
<use Images/Gen_data/Case_2/box_plot_ari_true_clustering_burn_in.png>
Package pdftex.def Info: Images/Gen_data/Case_2/box_plot_ari_true_clustering_bu
rn_in.png  used on input line 1224.
(pdftex.def)             Requested size: 613.13301pt x 383.96695pt.

Overfull \hbox (21.60281pt too wide) in paragraph at lines 1224--1225
 [][] 
 []

<Images/Gen_data/Case_2/box_plot_ari_true_clustering_collapsed_long.png, id=835
, 681.9879pt x 420.6114pt>
File: Images/Gen_data/Case_2/box_plot_ari_true_clustering_collapsed_long.png Gr
aphic file (type png)
<use Images/Gen_data/Case_2/box_plot_ari_true_clustering_collapsed_long.png>
Package pdftex.def Info: Images/Gen_data/Case_2/box_plot_ari_true_clustering_co
llapsed_long.png  used on input line 1234.
(pdftex.def)             Requested size: 443.28688pt x 273.39418pt.

Overfull \hbox (25.0332pt too wide) in paragraph at lines 1234--1235
 [][] 
 []

<Images/Gen_data/Case_2/violin_plot_ari_true_clustering_collapsed_long.png, id=
836, 681.9879pt x 420.6114pt>
File: Images/Gen_data/Case_2/violin_plot_ari_true_clustering_collapsed_long.png
 Graphic file (type png)
<use Images/Gen_data/Case_2/violin_plot_ari_true_clustering_collapsed_long.png>

Package pdftex.def Info: Images/Gen_data/Case_2/violin_plot_ari_true_clustering
_collapsed_long.png  used on input line 1243.
(pdftex.def)             Requested size: 443.28688pt x 273.39418pt.

Overfull \hbox (25.0332pt too wide) in paragraph at lines 1243--1244
 [][] 
 []


LaTeX Warning: `h' float specifier changed to `ht'.

[35 <./Images/Gen_data/Case_1/Auto_correlation_plot_3.png>]
Overfull \hbox (0.50543pt too wide) in paragraph at lines 1258--1259
[]\OT1/ppl/m/n/12 From the mean ad-justed Rand in-dex com-par-ing clus-ter-ings
 across datasets
 []

[36 <./Images/Gen_data/Case_1/Geweke_plot_3.png>] [37 <./Images/Gen_data/Case_1
/Gelman_plot.png (PNG copy)>] [38 <./Images/Gen_data/Case_1/box_plot_ari_true_c
lustering_burn_in.png>] [39 <./Images/Gen_data/Case_1/box_plot_ari_true_cluster
ing_collapsed_long_burn_in.png>]
<Images/Biology_data/Set_250/All_datasets/Adjusted_rand_index_plots/rand_index_
plot_CD4.png, id=884, 505.89pt x 505.89pt>
File: Images/Biology_data/Set_250/All_datasets/Adjusted_rand_index_plots/rand_i
ndex_plot_CD4.png Graphic file (type png)
<use Images/Biology_data/Set_250/All_datasets/Adjusted_rand_index_plots/rand_in
dex_plot_CD4.png>
Package pdftex.def Info: Images/Biology_data/Set_250/All_datasets/Adjusted_rand
_index_plots/rand_index_plot_CD4.png  used on input line 1271.
(pdftex.def)             Requested size: 379.41655pt x 379.41655pt.


LaTeX Warning: `h' float specifier changed to `ht'.

<Images/Biology_data/Set_250/All_datasets/Arandi_heatmap.png, id=885, 505.89pt 
x 505.89pt>
File: Images/Biology_data/Set_250/All_datasets/Arandi_heatmap.png Graphic file 
(type png)
<use Images/Biology_data/Set_250/All_datasets/Arandi_heatmap.png>
Package pdftex.def Info: Images/Biology_data/Set_250/All_datasets/Arandi_heatma
p.png  used on input line 1280.
(pdftex.def)             Requested size: 379.41655pt x 379.41655pt.

LaTeX Warning: `h' float specifier changed to `ht'.

<Images/Biology_data/Set_250/All_datasets/Phi_series_plots/file_1_Phi_67.png, i
d=886, 505.89pt x 505.89pt>
File: Images/Biology_data/Set_250/All_datasets/Phi_series_plots/file_1_Phi_67.p
ng Graphic file (type png)
<use Images/Biology_data/Set_250/All_datasets/Phi_series_plots/file_1_Phi_67.pn
g>
Package pdftex.def Info: Images/Biology_data/Set_250/All_datasets/Phi_series_pl
ots/file_1_Phi_67.png  used on input line 1289.
(pdftex.def)             Requested size: 379.41655pt x 379.41655pt.

LaTeX Warning: `h' float specifier changed to `ht'.

<Images/Biology_data/Set_250/All_datasets/Phi_histograms/Phi_67_histogram_plot.
png, id=887, 505.89pt x 505.89pt>
File: Images/Biology_data/Set_250/All_datasets/Phi_histograms/Phi_67_histogram_
plot.png Graphic file (type png)
<use Images/Biology_data/Set_250/All_datasets/Phi_histograms/Phi_67_histogram_p
lot.png>
Package pdftex.def Info: Images/Biology_data/Set_250/All_datasets/Phi_histogram
s/Phi_67_histogram_plot.png  used on input line 1309.
(pdftex.def)             Requested size: 379.41655pt x 379.41655pt.

LaTeX Warning: `h' float specifier changed to `ht'.

<Images/Biology_data/Set_250/All_datasets/Phi_heatmap_1.png, id=888, 505.89pt x
 505.89pt>
File: Images/Biology_data/Set_250/All_datasets/Phi_heatmap_1.png Graphic file (
type png)
<use Images/Biology_data/Set_250/All_datasets/Phi_heatmap_1.png>
Package pdftex.def Info: Images/Biology_data/Set_250/All_datasets/Phi_heatmap_1
.png  used on input line 1319.
(pdftex.def)             Requested size: 379.41655pt x 379.41655pt.

LaTeX Warning: `h' float specifier changed to `ht'.

<Images/Biology_data/Set_250/All_datasets/Cluster_series_plots/CD4.png, id=891,
 505.89pt x 505.89pt>
File: Images/Biology_data/Set_250/All_datasets/Cluster_series_plots/CD4.png Gra
phic file (type png)
<use Images/Biology_data/Set_250/All_datasets/Cluster_series_plots/CD4.png>
Package pdftex.def Info: Images/Biology_data/Set_250/All_datasets/Cluster_serie
s_plots/CD4.png  used on input line 1329.
(pdftex.def)             Requested size: 379.41655pt x 379.41655pt.

LaTeX Warning: `h' float specifier changed to `ht'.

<Images/Biology_data/Set_250/All_datasets/Mass_parameter_plots/CD4.png, id=892,
 505.89pt x 505.89pt>
File: Images/Biology_data/Set_250/All_datasets/Mass_parameter_plots/CD4.png Gra
phic file (type png)
<use Images/Biology_data/Set_250/All_datasets/Mass_parameter_plots/CD4.png>
Package pdftex.def Info: Images/Biology_data/Set_250/All_datasets/Mass_paramete
r_plots/CD4.png  used on input line 1338.
(pdftex.def)             Requested size: 379.41655pt x 379.41655pt.

LaTeX Warning: `h' float specifier changed to `ht'.

<Images/Biology_data/Set_250/All_datasets/Similarity_matrices/similarity_matrix
_CD4.png, id=893, 505.89pt x 505.89pt>
File: Images/Biology_data/Set_250/All_datasets/Similarity_matrices/similarity_m
atrix_CD4.png Graphic file (type png)
<use Images/Biology_data/Set_250/All_datasets/Similarity_matrices/similarity_ma
trix_CD4.png>
Package pdftex.def Info: Images/Biology_data/Set_250/All_datasets/Similarity_ma
trices/similarity_matrix_CD4.png  used on input line 1349.
(pdftex.def)             Requested size: 379.41655pt x 379.41655pt.

LaTeX Warning: `h' float specifier changed to `ht'.

<Images/Biology_data/Set_250/All_datasets/Comparison_expression_clustering_corr
elation/CD4.png, id=894, 1300.86pt x 578.16pt>
File: Images/Biology_data/Set_250/All_datasets/Comparison_expression_clustering
_correlation/CD4.png Graphic file (type png)
<use Images/Biology_data/Set_250/All_datasets/Comparison_expression_clustering_
correlation/CD4.png>
Package pdftex.def Info: Images/Biology_data/Set_250/All_datasets/Comparison_ex
pression_clustering_correlation/CD4.png  used on input line 1358.
(pdftex.def)             Requested size: 650.42842pt x 289.07928pt.

Overfull \hbox (58.89822pt too wide) in paragraph at lines 1358--1359
 [][] 
 []


LaTeX Warning: `h' float specifier changed to `ht'.

<Images/Biology_data/Set_250/All_datasets/Heatmaps/KEGG_INOSITOL_PHOSPHATE_META
BOLISM/CD4_comp_psm_corr.png, id=902, 867.24pt x 578.16pt>
File: Images/Biology_data/Set_250/All_datasets/Heatmaps/KEGG_INOSITOL_PHOSPHATE
_METABOLISM/CD4_comp_psm_corr.png Graphic file (type png)
<use Images/Biology_data/Set_250/All_datasets/Heatmaps/KEGG_INOSITOL_PHOSPHATE_
METABOLISM/CD4_comp_psm_corr.png>
Package pdftex.def Info: Images/Biology_data/Set_250/All_datasets/Heatmaps/KEGG
_INOSITOL_PHOSPHATE_METABOLISM/CD4_comp_psm_corr.png  used on input line 1394.
(pdftex.def)             Requested size: 650.42842pt x 433.61893pt.

Overfull \hbox (58.89822pt too wide) in paragraph at lines 1394--1395
 [][] 
 []


LaTeX Warning: `h' float specifier changed to `ht'.

<Images/Biology_data/Set_250/All_datasets/Mean_alignment_probability/CD4_KEGG_I
NOSITOL_PHOSPHATE_METABOLISM.png, id=907, 505.89pt x 505.89pt>
File: Images/Biology_data/Set_250/All_datasets/Mean_alignment_probability/CD4_K
EGG_INOSITOL_PHOSPHATE_METABOLISM.png Graphic file (type png)
<use Images/Biology_data/Set_250/All_datasets/Mean_alignment_probability/CD4_KE
GG_INOSITOL_PHOSPHATE_METABOLISM.png>
Package pdftex.def Info: Images/Biology_data/Set_250/All_datasets/Mean_alignmen
t_probability/CD4_KEGG_INOSITOL_PHOSPHATE_METABOLISM.png  used on input line 14
02.
(pdftex.def)             Requested size: 379.41655pt x 379.41655pt.

LaTeX Warning: `h' float specifier changed to `ht'.

<Images/Biology_data/Set_250/All_datasets/Mean_alignment_probability/CD8_KEGG_I
NOSITOL_PHOSPHATE_METABOLISM.png, id=908, 505.89pt x 505.89pt>
File: Images/Biology_data/Set_250/All_datasets/Mean_alignment_probability/CD8_K
EGG_INOSITOL_PHOSPHATE_METABOLISM.png Graphic file (type png)
<use Images/Biology_data/Set_250/All_datasets/Mean_alignment_probability/CD8_KE
GG_INOSITOL_PHOSPHATE_METABOLISM.png>
Package pdftex.def Info: Images/Biology_data/Set_250/All_datasets/Mean_alignmen
t_probability/CD8_KEGG_INOSITOL_PHOSPHATE_METABOLISM.png  used on input line 14
09.
(pdftex.def)             Requested size: 379.41655pt x 379.41655pt.

LaTeX Warning: `h' float specifier changed to `ht'.

<Images/Biology_data/Set_250/All_datasets/Mean_alignment_probability/IL_KEGG_IN
OSITOL_PHOSPHATE_METABOLISM.png, id=909, 505.89pt x 505.89pt>
File: Images/Biology_data/Set_250/All_datasets/Mean_alignment_probability/IL_KE
GG_INOSITOL_PHOSPHATE_METABOLISM.png Graphic file (type png)
<use Images/Biology_data/Set_250/All_datasets/Mean_alignment_probability/IL_KEG
G_INOSITOL_PHOSPHATE_METABOLISM.png>
Package pdftex.def Info: Images/Biology_data/Set_250/All_datasets/Mean_alignmen
t_probability/IL_KEGG_INOSITOL_PHOSPHATE_METABOLISM.png  used on input line 141
6.
(pdftex.def)             Requested size: 379.41655pt x 379.41655pt.

LaTeX Warning: `h' float specifier changed to `ht'.

<Images/Biology_data/Set_250/All_datasets/PSM_densities/KEGG_INOSITOL_PHOSPHATE
_METABOLISM/CD4.png, id=910, 505.89pt x 505.89pt>
File: Images/Biology_data/Set_250/All_datasets/PSM_densities/KEGG_INOSITOL_PHOS
PHATE_METABOLISM/CD4.png Graphic file (type png)
<use Images/Biology_data/Set_250/All_datasets/PSM_densities/KEGG_INOSITOL_PHOSP
HATE_METABOLISM/CD4.png>
Package pdftex.def Info: Images/Biology_data/Set_250/All_datasets/PSM_densities
/KEGG_INOSITOL_PHOSPHATE_METABOLISM/CD4.png  used on input line 1424.
(pdftex.def)             Requested size: 379.41655pt x 379.41655pt.

LaTeX Warning: `h' float specifier changed to `ht'.

[40 <./Images/Gen_data/Case_2/Esimated_burn_in_plot_1.png>]
<Images/Biology_data/Set_250/Comparison_mdi_mixture_model/TR_comparison_all_spe
cific_sim.png, id=927, 867.24pt x 578.16pt>
File: Images/Biology_data/Set_250/Comparison_mdi_mixture_model/TR_comparison_al
l_specific_sim.png Graphic file (type png)
<use Images/Biology_data/Set_250/Comparison_mdi_mixture_model/TR_comparison_all
_specific_sim.png>
Package pdftex.def Info: Images/Biology_data/Set_250/Comparison_mdi_mixture_mod
el/TR_comparison_all_specific_sim.png  used on input line 1436.
(pdftex.def)             Requested size: 650.42842pt x 433.61893pt.

Overfull \hbox (58.89822pt too wide) in paragraph at lines 1436--1437
 [][] 
 []

<Images/Biology_data/Set_250/Bayesian_mixture_models/CD14_comparison_across_see
ds.png, id=930, 1300.86pt x 578.16pt>
File: Images/Biology_data/Set_250/Bayesian_mixture_models/CD14_comparison_acros
s_seeds.png Graphic file (type png)
<use Images/Biology_data/Set_250/Bayesian_mixture_models/CD14_comparison_across
_seeds.png>
Package pdftex.def Info: Images/Biology_data/Set_250/Bayesian_mixture_models/CD
14_comparison_across_seeds.png  used on input line 1445.
(pdftex.def)             Requested size: 650.42842pt x 289.07928pt.

Overfull \hbox (58.89822pt too wide) in paragraph at lines 1445--1446
 [][] 
 []

<Images/Biology_data/Set_250/Bayesian_mixture_models/Comparison_expression_clus
tering_correlation/CD14.png, id=931, 1300.86pt x 578.16pt>
File: Images/Biology_data/Set_250/Bayesian_mixture_models/Comparison_expression
_clustering_correlation/CD14.png Graphic file (type png)
<use Images/Biology_data/Set_250/Bayesian_mixture_models/Comparison_expression_
clustering_correlation/CD14.png>
Package pdftex.def Info: Images/Biology_data/Set_250/Bayesian_mixture_models/Co
mparison_expression_clustering_correlation/CD14.png  used on input line 1452.
(pdftex.def)             Requested size: 585.3816pt x 260.16959pt.
[41 <./Images/Gen_data/Case_2/Auto_correlation_plot_9.png>]
<Images/Biology_data/Set_1000/All_datasets/Adjusted_rand_index_plots/rand_index
_plot_CD4.png, id=959, 505.89pt x 505.89pt>
File: Images/Biology_data/Set_1000/All_datasets/Adjusted_rand_index_plots/rand_
index_plot_CD4.png Graphic file (type png)
<use Images/Biology_data/Set_1000/All_datasets/Adjusted_rand_index_plots/rand_i
ndex_plot_CD4.png>
Package pdftex.def Info: Images/Biology_data/Set_1000/All_datasets/Adjusted_ran
d_index_plots/rand_index_plot_CD4.png  used on input line 1483.
(pdftex.def)             Requested size: 379.41655pt x 379.41655pt.


LaTeX Warning: `h' float specifier changed to `ht'.

<Images/Biology_data/Set_1000/All_datasets/Arandi_heatmap.png, id=960, 505.89pt
 x 505.89pt>
File: Images/Biology_data/Set_1000/All_datasets/Arandi_heatmap.png Graphic file
 (type png)
<use Images/Biology_data/Set_1000/All_datasets/Arandi_heatmap.png>
Package pdftex.def Info: Images/Biology_data/Set_1000/All_datasets/Arandi_heatm
ap.png  used on input line 1492.
(pdftex.def)             Requested size: 379.41655pt x 379.41655pt.

LaTeX Warning: `h' float specifier changed to `ht'.

<Images/Biology_data/Set_1000/All_datasets/Phi_series_plots/file_1_Phi_67.png, 
id=961, 505.89pt x 505.89pt>
File: Images/Biology_data/Set_1000/All_datasets/Phi_series_plots/file_1_Phi_67.
png Graphic file (type png)
<use Images/Biology_data/Set_1000/All_datasets/Phi_series_plots/file_1_Phi_67.p
ng>
Package pdftex.def Info: Images/Biology_data/Set_1000/All_datasets/Phi_series_p
lots/file_1_Phi_67.png  used on input line 1501.
(pdftex.def)             Requested size: 379.41655pt x 379.41655pt.

LaTeX Warning: `h' float specifier changed to `ht'.

<Images/Biology_data/Set_1000/All_datasets/Phi_heatmap_1.png, id=962, 505.89pt 
x 505.89pt>
File: Images/Biology_data/Set_1000/All_datasets/Phi_heatmap_1.png Graphic file 
(type png)
<use Images/Biology_data/Set_1000/All_datasets/Phi_heatmap_1.png>
Package pdftex.def Info: Images/Biology_data/Set_1000/All_datasets/Phi_heatmap_
1.png  used on input line 1510.
(pdftex.def)             Requested size: 379.41655pt x 379.41655pt.

LaTeX Warning: `h' float specifier changed to `ht'.

<Images/Biology_data/Set_1000/All_datasets/Phi_histograms/Phi_67_histogram_plot
.png, id=963, 505.89pt x 505.89pt>
File: Images/Biology_data/Set_1000/All_datasets/Phi_histograms/Phi_67_histogram
_plot.png Graphic file (type png)
<use Images/Biology_data/Set_1000/All_datasets/Phi_histograms/Phi_67_histogram_
plot.png>
Package pdftex.def Info: Images/Biology_data/Set_1000/All_datasets/Phi_histogra
ms/Phi_67_histogram_plot.png  used on input line 1529.
(pdftex.def)             Requested size: 379.41655pt x 379.41655pt.

LaTeX Warning: `h' float specifier changed to `ht'.

<Images/Biology_data/Set_1000/All_datasets/Cluster_series_plots/CD4.png, id=964
, 505.89pt x 505.89pt>
File: Images/Biology_data/Set_1000/All_datasets/Cluster_series_plots/CD4.png Gr
aphic file (type png)
<use Images/Biology_data/Set_1000/All_datasets/Cluster_series_plots/CD4.png>
Package pdftex.def Info: Images/Biology_data/Set_1000/All_datasets/Cluster_seri
es_plots/CD4.png  used on input line 1539.
(pdftex.def)             Requested size: 379.41655pt x 379.41655pt.

LaTeX Warning: `h' float specifier changed to `ht'.

<Images/Biology_data/Set_1000/All_datasets/Mass_parameter_plots/CD4.png, id=965
, 505.89pt x 505.89pt>
File: Images/Biology_data/Set_1000/All_datasets/Mass_parameter_plots/CD4.png Gr
aphic file (type png)
<use Images/Biology_data/Set_1000/All_datasets/Mass_parameter_plots/CD4.png>
Package pdftex.def Info: Images/Biology_data/Set_1000/All_datasets/Mass_paramet
er_plots/CD4.png  used on input line 1548.
(pdftex.def)             Requested size: 379.41655pt x 379.41655pt.

LaTeX Warning: `h' float specifier changed to `ht'.

<Images/Biology_data/Set_1000/All_datasets/Similarity_matrices/similarity_matri
x_CD4.png, id=966, 505.89pt x 505.89pt>
File: Images/Biology_data/Set_1000/All_datasets/Similarity_matrices/similarity_
matrix_CD4.png Graphic file (type png)
<use Images/Biology_data/Set_1000/All_datasets/Similarity_matrices/similarity_m
atrix_CD4.png>
Package pdftex.def Info: Images/Biology_data/Set_1000/All_datasets/Similarity_m
atrices/similarity_matrix_CD4.png  used on input line 1559.
(pdftex.def)             Requested size: 379.41655pt x 379.41655pt.

LaTeX Warning: `h' float specifier changed to `ht'.

<Images/Biology_data/Set_1000/All_datasets/Comparison_expression_clustering_cor
relation/CD4.png, id=967, 1300.86pt x 578.16pt>
File: Images/Biology_data/Set_1000/All_datasets/Comparison_expression_clusterin
g_correlation/CD4.png Graphic file (type png)
<use Images/Biology_data/Set_1000/All_datasets/Comparison_expression_clustering
_correlation/CD4.png>
Package pdftex.def Info: Images/Biology_data/Set_1000/All_datasets/Comparison_e
xpression_clustering_correlation/CD4.png  used on input line 1568.
(pdftex.def)             Requested size: 650.42842pt x 289.07928pt.

Overfull \hbox (58.89822pt too wide) in paragraph at lines 1568--1569
 [][] 
 []


LaTeX Warning: `h' float specifier changed to `ht'.

[42 <./Images/Gen_data/Case_2/Auto_correlation_plot_burn_20000_1.png>]
<Images/Biology_data/Set_1000/All_datasets/Heatmaps/KEGG_INFLAMMATORY_BOWEL_DIS
EASE/IL_comp_psm_corr.png, id=985, 867.24pt x 578.16pt>
File: Images/Biology_data/Set_1000/All_datasets/Heatmaps/KEGG_INFLAMMATORY_BOWE
L_DISEASE/IL_comp_psm_corr.png Graphic file (type png)
<use Images/Biology_data/Set_1000/All_datasets/Heatmaps/KEGG_INFLAMMATORY_BOWEL
_DISEASE/IL_comp_psm_corr.png>
Package pdftex.def Info: Images/Biology_data/Set_1000/All_datasets/Heatmaps/KEG
G_INFLAMMATORY_BOWEL_DISEASE/IL_comp_psm_corr.png  used on input line 1585.
(pdftex.def)             Requested size: 650.42842pt x 433.61893pt.

Overfull \hbox (58.89822pt too wide) in paragraph at lines 1585--1586
 [][] 
 []


LaTeX Warning: `h' float specifier changed to `ht'.

<Images/Biology_data/Set_1000/All_datasets/Mean_alignment_probability/IL_KEGG_I
NFLAMMATORY_BOWEL_DISEASE.png, id=986, 505.89pt x 505.89pt>
File: Images/Biology_data/Set_1000/All_datasets/Mean_alignment_probability/IL_K
EGG_INFLAMMATORY_BOWEL_DISEASE.png Graphic file (type png)
<use Images/Biology_data/Set_1000/All_datasets/Mean_alignment_probability/IL_KE
GG_INFLAMMATORY_BOWEL_DISEASE.png>
Package pdftex.def Info: Images/Biology_data/Set_1000/All_datasets/Mean_alignme
nt_probability/IL_KEGG_INFLAMMATORY_BOWEL_DISEASE.png  used on input line 1593.

(pdftex.def)             Requested size: 379.41655pt x 379.41655pt.

LaTeX Warning: `h' float specifier changed to `ht'.

<Images/Biology_data/Set_1000/All_datasets//Mean_alignment_probability/CD14_KEG
G_INFLAMMATORY_BOWEL_DISEASE.png, id=987, 505.89pt x 505.89pt>
File: Images/Biology_data/Set_1000/All_datasets//Mean_alignment_probability/CD1
4_KEGG_INFLAMMATORY_BOWEL_DISEASE.png Graphic file (type png)
<use Images/Biology_data/Set_1000/All_datasets//Mean_alignment_probability/CD14
_KEGG_INFLAMMATORY_BOWEL_DISEASE.png>
Package pdftex.def Info: Images/Biology_data/Set_1000/All_datasets//Mean_alignm
ent_probability/CD14_KEGG_INFLAMMATORY_BOWEL_DISEASE.png  used on input line 16
00.
(pdftex.def)             Requested size: 379.41655pt x 379.41655pt.

LaTeX Warning: `h' float specifier changed to `ht'.

[43 <./Images/Gen_data/Case_2/Geweke_plot_burn_20000_1.png>] [44 <./Images/Gen_
data/Case_2/Gelman_plot_burn_20000.png (PNG copy)>] [45] [46] (thesis.bbl
[47] [48] [49] [50] [51] [52]
Underfull \hbox (badness 2119) in paragraph at lines 512--528
[]\OT1/ppl/m/n/12 The In-ter-na-tional IBD Ge-net-ics Con-sor-tium, Yuk-i-hide 
Mo-mozawa, Ju-lia
 []


Underfull \hbox (badness 1231) in paragraph at lines 552--579
[]\OT1/ppl/m/n/12 Urmo V[]osa, An-nique Clar-ing-bould, Harm-Jan Wes-tra, Marc 
Jan Bon-der,
 []


Underfull \hbox (badness 1783) in paragraph at lines 552--579
\OT1/ppl/m/n/12 Yaghootkar, Rey-han S[]onmez, An-drew A. An-drew, Vik-torija Ku
kushk-
 []

[53]) [54]

Package hyperref Warning: Difference (2) between bookmark levels is greater 
(hyperref)                than one, level fixed on input line 1845.

Missing character: There is no r in font fplmbb!
Missing character: There is no r in font fplmbb!
Missing character: There is no r in font fplmbb!
Missing character: There is no r in font fplmbb!
[55]
Missing character: There is no r in font fplmbb!
Missing character: There is no r in font fplmbb!
Missing character: There is no r in font fplmbb!
Missing character: There is no r in font fplmbb!
Missing character: There is no r in font fplmbb!
Missing character: There is no r in font fplmbb!
Missing character: There is no r in font fplmbb!
 [56]
Overfull \hbox (25.96092pt too wide) in paragraph at lines 1930--1931
[]\OT1/ppl/m/n/12 Using the cur-rent value $\OML/zplm/m/it/12 []$\OT1/ppl/m/n/
12 , sam-ple a can-di-date point, $\OML/zplm/m/it/12 []$\OT1/ppl/m/n/12 , from
 $\OML/zplm/m/it/12 q\OT1/zplm/m/n/12 (\OML/zplm/m/it/12 []\OMS/zplm/m/n/12 j\
OML/zplm/m/it/12 []\OT1/zplm/m/n/12 )$\OT1/ppl/m/n/12 . 
 []

[57] [58]
Overfull \hbox (0.26344pt too wide) in paragraph at lines 1957--1958
[]\OT1/ppl/m/n/12 More ex-plic-itly, con-sider the case of $\OML/zplm/m/it/12 n
$ \OT1/ppl/m/n/12 la-bels $\OML/zplm/m/it/12 Y$ \OT1/ppl/m/n/12 and $\OML/zplm/
m/it/12 Y[]$ \OT1/ppl/m/n/12 gen-er-ated from $\OMS/zplm/m/n/12 U []$
 []


LaTeX Warning: No positions in optional float specifier.
               Default added (so using `tbp') on input line 1959.

<Images/Examples/example_expression_data.png, id=1145, 505.89pt x 505.89pt>
File: Images/Examples/example_expression_data.png Graphic file (type png)
<use Images/Examples/example_expression_data.png>
Package pdftex.def Info: Images/Examples/example_expression_data.png  used on i
nput line 2000.
(pdftex.def)             Requested size: 278.24034pt x 278.24034pt.
[59]

LaTeX Warning: No positions in optional float specifier.
               Default added (so using `tbp') on input line 2008.

<Images/Examples/example_standardised_expression_data.png, id=1159, 505.89pt x 
505.89pt>
File: Images/Examples/example_standardised_expression_data.png Graphic file (ty
pe png)
<use Images/Examples/example_standardised_expression_data.png>
Package pdftex.def Info: Images/Examples/example_standardised_expression_data.p
ng  used on input line 2025.
(pdftex.def)             Requested size: 278.24034pt x 278.24034pt.
[60] [61 <./Images/Gen_data/Case_2/box_plot_ari_true_clustering_burn_in.png>]
[62 <./Images/Gen_data/Case_2/box_plot_ari_true_clustering_collapsed_long.png>]
[63 <./Images/Gen_data/Case_2/violin_plot_ari_true_clustering_collapsed_long.pn
g>] [64 <./Images/Biology_data/Set_250/All_datasets/Adjusted_rand_index_plots/r
and_index_plot_CD4.png>] [65 <./Images/Biology_data/Set_250/All_datasets/Arandi
_heatmap.png (PNG copy)>] [66 <./Images/Biology_data/Set_250/All_datasets/Phi_s
eries_plots/file_1_Phi_67.png>] [67 <./Images/Biology_data/Set_250/All_datasets
/Phi_histograms/Phi_67_histogram_plot.png>] [68 <./Images/Biology_data/Set_250/
All_datasets/Phi_heatmap_1.png (PNG copy)>] [69 <./Images/Biology_data/Set_250/
All_datasets/Cluster_series_plots/CD4.png>] [70 <./Images/Biology_data/Set_250/
All_datasets/Mass_parameter_plots/CD4.png>] [71 <./Images/Biology_data/Set_250/
All_datasets/Similarity_matrices/similarity_matrix_CD4.png (PNG copy)>]
[72 <./Images/Biology_data/Set_250/All_datasets/Comparison_expression_clusterin
g_correlation/CD4.png (PNG copy)>] [73 <./Images/Biology_data/Set_250/All_datas
ets/Heatmaps/KEGG_INOSITOL_PHOSPHATE_METABOLISM/CD4_comp_psm_corr.png (PNG copy
)>] [74 <./Images/Biology_data/Set_250/All_datasets/Mean_alignment_probability/
CD4_KEGG_INOSITOL_PHOSPHATE_METABOLISM.png (PNG copy)>] [75 <./Images/Biology_d
ata/Set_250/All_datasets/Mean_alignment_probability/CD8_KEGG_INOSITOL_PHOSPHATE
_METABOLISM.png (PNG copy)>] [76 <./Images/Biology_data/Set_250/All_datasets/Me
an_alignment_probability/IL_KEGG_INOSITOL_PHOSPHATE_METABOLISM.png (PNG copy)>]
[77 <./Images/Biology_data/Set_250/All_datasets/PSM_densities/KEGG_INOSITOL_PHO
SPHATE_METABOLISM/CD4.png (PNG copy)>] [78 <./Images/Biology_data/Set_250/Compa
rison_mdi_mixture_model/TR_comparison_all_specific_sim.png (PNG copy)>]
[79 <./Images/Biology_data/Set_250/Bayesian_mixture_models/CD14_comparison_acro
ss_seeds.png (PNG copy)>] [80 <./Images/Biology_data/Set_250/Bayesian_mixture_m
odels/Comparison_expression_clustering_correlation/CD14.png (PNG copy)>]
[81 <./Images/Biology_data/Set_1000/All_datasets/Adjusted_rand_index_plots/rand
_index_plot_CD4.png>] [82 <./Images/Biology_data/Set_1000/All_datasets/Arandi_h
eatmap.png (PNG copy)>] [83 <./Images/Biology_data/Set_1000/All_datasets/Phi_se
ries_plots/file_1_Phi_67.png>] [84 <./Images/Biology_data/Set_1000/All_datasets
/Phi_heatmap_1.png (PNG copy)>] [85 <./Images/Biology_data/Set_1000/All_dataset
s/Phi_histograms/Phi_67_histogram_plot.png>] [86 <./Images/Biology_data/Set_100
0/All_datasets/Cluster_series_plots/CD4.png>] [87 <./Images/Biology_data/Set_10
00/All_datasets/Mass_parameter_plots/CD4.png>] [88 <./Images/Biology_data/Set_1
000/All_datasets/Similarity_matrices/similarity_matrix_CD4.png (PNG copy)>]
[89 <./Images/Biology_data/Set_1000/All_datasets/Comparison_expression_clusteri
ng_correlation/CD4.png (PNG copy)>] [90 <./Images/Biology_data/Set_1000/All_dat
asets/Heatmaps/KEGG_INFLAMMATORY_BOWEL_DISEASE/IL_comp_psm_corr.png (PNG copy)>
] [91 <./Images/Biology_data/Set_1000/All_datasets/Mean_alignment_probability/I
L_KEGG_INFLAMMATORY_BOWEL_DISEASE.png (PNG copy)>] [92 <./Images/Biology_data/S
et_1000/All_datasets//Mean_alignment_probability/CD14_KEGG_INFLAMMATORY_BOWEL_D
ISEASE.png (PNG copy)>] [93 <./Images/Examples/example_expression_data.png>]
[94 <./Images/Examples/example_standardised_expression_data.png>]
Package atveryend Info: Empty hook `BeforeClearDocument' on input line 2238.
Package atveryend Info: Empty hook `AfterLastShipout' on input line 2238.
 (thesis.aux

Package natbib Warning: Citation(s) may have changed.
(natbib)                Rerun to get citations correct.

)
Package atveryend Info: Executing hook `AtVeryEndDocument' on input line 2238.
Package atveryend Info: Executing hook `AtEndAfterFileList' on input line 2238.



Package rerunfilecheck Warning: File `thesis.out' has changed.
(rerunfilecheck)                Rerun to get outlines right
(rerunfilecheck)                or use package `bookmark'.

Package rerunfilecheck Info: Checksums for `thesis.out':
(rerunfilecheck)             Before: 04E1535F90FDE2C2848E728776CA6DCF;2941
(rerunfilecheck)             After:  7B5C35EE147E08DF0172F4336B423BF3;2899.

LaTeX Warning: Label(s) may have changed. Rerun to get cross-references right.

Package atveryend Info: Empty hook `AtVeryVeryEnd' on input line 2238.
 ) 
Here is how much of TeX's memory you used:
 37223 strings out of 480934
 868170 string characters out of 2898981
 1279371 words of memory out of 3000000
 51962 multiletter control sequences out of 15000+200000
 570934 words of font info for 120 fonts, out of 3000000 for 9000
 1141 hyphenation exceptions out of 8191
 73i,13n,119p,2075b,618s stack positions out of 5000i,500n,10000p,200000b,50000s
{C:/Users/stephen/AppData/Local/Programs/MiKTeX 2.9/fonts/enc/dvips/base/8r.e
nc}<C:/Users/stephen/AppData/Local/Programs/MiKTeX 2.9/fonts/type1/public/amsfo
nts/cm/cmex10.pfb><C:/Users/stephen/AppData/Local/Programs/MiKTeX 2.9/fonts/typ
e1/public/amsfonts/cm/cmmi10.pfb><C:/Users/stephen/AppData/Local/Programs/MiKTe
X 2.9/fonts/type1/public/amsfonts/cm/cmr10.pfb><C:/Users/stephen/AppData/Local/
Programs/MiKTeX 2.9/fonts/type1/public/amsfonts/cm/cmsy10.pfb><C:/Users/stephen
/AppData/Local/Programs/MiKTeX 2.9/fonts/type1/public/mathpazo/fplmbb.pfb><C:/U
sers/stephen/AppData/Local/Programs/MiKTeX 2.9/fonts/type1/public/mathpazo/fplm
bi.pfb><C:/Users/stephen/AppData/Local/Programs/MiKTeX 2.9/fonts/type1/public/m
athpazo/fplmr.pfb><C:/Users/stephen/AppData/Local/Programs/MiKTeX 2.9/fonts/typ
e1/public/mathpazo/fplmri.pfb><C:/Users/stephen/AppData/Local/Programs/MiKTeX 2
.9/fonts/type1/public/amsfonts/symbols/msbm10.pfb><C:/Users/stephen/AppData/Loc
al/Programs/MiKTeX 2.9/fonts/type1/urw/helvetic/uhvr8a.pfb><C:/Users/stephen/Ap
pData/Local/Programs/MiKTeX 2.9/fonts/type1/urw/palatino/uplb8a.pfb><C:/Users/s
tephen/AppData/Local/Programs/MiKTeX 2.9/fonts/type1/urw/palatino/uplr8a.pfb><C
:/Users/stephen/AppData/Local/Programs/MiKTeX 2.9/fonts/type1/urw/palatino/uplr
i8a.pfb>
Output written on thesis.pdf (95 pages, 11199261 bytes).
PDF statistics:
 1449 PDF objects out of 1728 (max. 8388607)
 363 named destinations out of 1000 (max. 500000)
 614 words of extra memory for PDF output out of 10000 (max. 10000000)

