\BOOKMARK [1][-]{section.1}{Introduction}{}% 1
\BOOKMARK [2][-]{subsection.1.1}{Gene sets}{section.1}% 2
\BOOKMARK [3][-]{subsubsection.1.1.1}{Tissue specificity}{subsection.1.1}% 3
\BOOKMARK [1][-]{section.2}{Theory}{}% 4
\BOOKMARK [2][-]{subsection.2.1}{Clustering}{section.2}% 5
\BOOKMARK [2][-]{subsection.2.2}{Mixture models}{section.2}% 6
\BOOKMARK [2][-]{subsection.2.3}{Bayesian inference}{section.2}% 7
\BOOKMARK [2][-]{subsection.2.4}{Multiple dataset integration}{section.2}% 8
\BOOKMARK [2][-]{subsection.2.5}{Rand index}{section.2}% 9
\BOOKMARK [3][-]{subsubsection.2.5.1}{Motivating example: adjusted Rand index}{subsection.2.5}% 10
\BOOKMARK [2][-]{subsection.2.6}{Standardisation}{section.2}% 11
\BOOKMARK [2][-]{subsection.2.7}{Consensus clustering}{section.2}% 12
\BOOKMARK [2][-]{subsection.2.8}{Gene sets}{section.2}% 13
\BOOKMARK [3][-]{subsubsection.2.8.1}{Tissue specificity}{subsection.2.8}% 14
\BOOKMARK [3][-]{subsubsection.2.8.2}{Motivating example: Standardising gene expression data}{subsection.2.8}% 15
\BOOKMARK [2][-]{subsection.2.9}{Data}{section.2}% 16
\BOOKMARK [1][-]{section.3}{Methods}{}% 17
\BOOKMARK [2][-]{subsection.3.1}{CEDAR data pipeline}{section.3}% 18
\BOOKMARK [1][-]{section.4}{Results}{}% 19
\BOOKMARK [2][-]{subsection.4.1}{Case 1: Proof of consensus}{section.4}% 20
\BOOKMARK [2][-]{subsection.4.2}{Case 2: Overcoming multiple modes}{section.4}% 21
\BOOKMARK [2][-]{subsection.4.3}{Case 3: CEDAR data}{section.4}% 22
\BOOKMARK [1][-]{section.5}{Conclusion}{}% 23
\BOOKMARK [1][-]{section*.14}{References}{}% 24
\BOOKMARK [1][-]{appendix.A}{Data generation explained}{}% 25
\BOOKMARK [1][-]{appendix.B}{Additional convergence plots}{}% 26
\BOOKMARK [2][-]{subsection.B.1}{Case 1: Convergence diagnostics}{appendix.B}% 27
\BOOKMARK [3][-]{subsubsection.B.1.1}{Geweke plots}{subsection.B.1}% 28
\BOOKMARK [3][-]{subsubsection.B.1.2}{Estimated burn in}{subsection.B.1}% 29
\BOOKMARK [2][-]{subsection.B.2}{Case 2: Convergence diagnostics}{appendix.B}% 30
\BOOKMARK [3][-]{subsubsection.B.2.1}{Geweke plots}{subsection.B.2}% 31
\BOOKMARK [3][-]{subsubsection.B.2.2}{Estimated burn in}{subsection.B.2}% 32
